{"/Users/iramadas/Develop/Devv/setmeup/index.js":{"path":"/Users/iramadas/Develop/Devv/setmeup/index.js","s":{"1":1},"b":{},"f":{},"fnMap":{},"statementMap":{"1":{"start":{"line":1,"column":0},"end":{"line":1,"column":39}}},"branchMap":{}},"/Users/iramadas/Develop/Devv/setmeup/lib/index.js":{"path":"/Users/iramadas/Develop/Devv/setmeup/lib/index.js","s":{"1":1,"2":1,"3":1,"4":1,"5":1,"6":1,"7":1,"8":0,"9":0,"10":0,"11":1,"12":1,"13":1,"14":1,"15":1,"16":0,"17":4,"18":4,"19":4,"20":4,"21":4,"22":4,"23":4,"24":4,"25":2,"26":4,"27":0,"28":4,"29":4,"30":4,"31":0,"32":4,"33":4,"34":0,"35":0,"36":0,"37":0,"38":1,"39":2,"40":1,"41":1,"42":2,"43":2,"44":2,"45":2,"46":2,"47":2,"48":2,"49":0,"50":1,"51":0,"52":2,"53":2,"54":2,"55":4,"56":4,"57":4,"58":4,"59":0,"60":2,"61":0,"62":1},"b":{"1":[1,1],"2":[1,0],"3":[4,0],"4":[4,0],"5":[2,2],"6":[4,4],"7":[0,4],"8":[4,0],"9":[0,4],"10":[1,0],"11":[2,0],"12":[2,2],"13":[0,2],"14":[0,1],"15":[1,0],"16":[2,0],"17":[4,0],"18":[0,2],"19":[2,0]},"f":{"1":1,"2":0,"3":1,"4":1,"5":0,"6":4,"7":0,"8":1,"9":2,"10":1,"11":2},"fnMap":{"1":{"name":"(anonymous_1)","line":13,"loc":{"start":{"line":13,"column":23},"end":{"line":13,"column":26}}},"2":{"name":"(anonymous_2)","line":17,"loc":{"start":{"line":17,"column":22},"end":{"line":17,"column":25}}},"3":{"name":"(anonymous_3)","line":22,"loc":{"start":{"line":22,"column":15},"end":{"line":22,"column":18}}},"4":{"name":"(anonymous_4)","line":28,"loc":{"start":{"line":28,"column":6},"end":{"line":28,"column":28}}},"5":{"name":"(anonymous_5)","line":31,"loc":{"start":{"line":31,"column":7},"end":{"line":31,"column":29}}},"6":{"name":"(anonymous_6)","line":43,"loc":{"start":{"line":43,"column":8},"end":{"line":43,"column":31}}},"7":{"name":"(anonymous_7)","line":78,"loc":{"start":{"line":78,"column":9},"end":{"line":78,"column":12}}},"8":{"name":"(anonymous_8)","line":91,"loc":{"start":{"line":91,"column":11},"end":{"line":91,"column":31}}},"9":{"name":"(anonymous_9)","line":99,"loc":{"start":{"line":99,"column":11},"end":{"line":99,"column":31}}},"10":{"name":"(anonymous_10)","line":107,"loc":{"start":{"line":107,"column":9},"end":{"line":107,"column":12}}},"11":{"name":"(anonymous_11)","line":132,"loc":{"start":{"line":132,"column":11},"end":{"line":132,"column":14}}}},"statementMap":{"1":{"start":{"line":5,"column":0},"end":{"line":5,"column":35}},"2":{"start":{"line":6,"column":0},"end":{"line":6,"column":33}},"3":{"start":{"line":7,"column":0},"end":{"line":7,"column":46}},"4":{"start":{"line":8,"column":0},"end":{"line":8,"column":28}},"5":{"start":{"line":9,"column":0},"end":{"line":9,"column":25}},"6":{"start":{"line":10,"column":0},"end":{"line":10,"column":15}},"7":{"start":{"line":14,"column":8},"end":{"line":14,"column":63}},"8":{"start":{"line":18,"column":8},"end":{"line":18,"column":34}},"9":{"start":{"line":19,"column":8},"end":{"line":19,"column":19}},"10":{"start":{"line":20,"column":8},"end":{"line":20,"column":19}},"11":{"start":{"line":23,"column":8},"end":{"line":23,"column":52}},"12":{"start":{"line":24,"column":8},"end":{"line":24,"column":41}},"13":{"start":{"line":25,"column":8},"end":{"line":25,"column":24}},"14":{"start":{"line":26,"column":8},"end":{"line":26,"column":54}},"15":{"start":{"line":29,"column":8},"end":{"line":29,"column":44}},"16":{"start":{"line":32,"column":8},"end":{"line":32,"column":45}},"17":{"start":{"line":44,"column":8},"end":{"line":44,"column":24}},"18":{"start":{"line":45,"column":8},"end":{"line":47,"column":9}},"19":{"start":{"line":46,"column":12},"end":{"line":46,"column":29}},"20":{"start":{"line":49,"column":8},"end":{"line":51,"column":9}},"21":{"start":{"line":50,"column":12},"end":{"line":50,"column":36}},"22":{"start":{"line":52,"column":8},"end":{"line":65,"column":9}},"23":{"start":{"line":53,"column":12},"end":{"line":53,"column":56}},"24":{"start":{"line":55,"column":12},"end":{"line":57,"column":13}},"25":{"start":{"line":56,"column":16},"end":{"line":56,"column":63}},"26":{"start":{"line":58,"column":12},"end":{"line":60,"column":13}},"27":{"start":{"line":59,"column":16},"end":{"line":59,"column":55}},"28":{"start":{"line":62,"column":12},"end":{"line":62,"column":58}},"29":{"start":{"line":64,"column":12},"end":{"line":64,"column":55}},"30":{"start":{"line":67,"column":8},"end":{"line":69,"column":9}},"31":{"start":{"line":68,"column":12},"end":{"line":68,"column":24}},"32":{"start":{"line":71,"column":8},"end":{"line":71,"column":55}},"33":{"start":{"line":73,"column":8},"end":{"line":73,"column":22}},"34":{"start":{"line":79,"column":8},"end":{"line":79,"column":23}},"35":{"start":{"line":80,"column":8},"end":{"line":80,"column":24}},"36":{"start":{"line":81,"column":8},"end":{"line":81,"column":42}},"37":{"start":{"line":82,"column":8},"end":{"line":82,"column":33}},"38":{"start":{"line":92,"column":8},"end":{"line":92,"column":58}},"39":{"start":{"line":100,"column":8},"end":{"line":100,"column":58}},"40":{"start":{"line":108,"column":8},"end":{"line":108,"column":52}},"41":{"start":{"line":110,"column":8},"end":{"line":124,"column":9}},"42":{"start":{"line":112,"column":12},"end":{"line":123,"column":18}},"43":{"start":{"line":113,"column":16},"end":{"line":113,"column":63}},"44":{"start":{"line":114,"column":16},"end":{"line":122,"column":17}},"45":{"start":{"line":115,"column":20},"end":{"line":115,"column":38}},"46":{"start":{"line":116,"column":20},"end":{"line":121,"column":23}},"47":{"start":{"line":117,"column":24},"end":{"line":117,"column":44}},"48":{"start":{"line":118,"column":24},"end":{"line":120,"column":25}},"49":{"start":{"line":119,"column":28},"end":{"line":119,"column":73}},"50":{"start":{"line":125,"column":8},"end":{"line":127,"column":9}},"51":{"start":{"line":126,"column":12},"end":{"line":126,"column":49}},"52":{"start":{"line":133,"column":8},"end":{"line":133,"column":52}},"53":{"start":{"line":134,"column":8},"end":{"line":145,"column":9}},"54":{"start":{"line":135,"column":12},"end":{"line":141,"column":13}},"55":{"start":{"line":136,"column":16},"end":{"line":136,"column":63}},"56":{"start":{"line":137,"column":16},"end":{"line":137,"column":35}},"57":{"start":{"line":138,"column":16},"end":{"line":140,"column":17}},"58":{"start":{"line":139,"column":20},"end":{"line":139,"column":45}},"59":{"start":{"line":144,"column":12},"end":{"line":144,"column":50}},"60":{"start":{"line":146,"column":8},"end":{"line":148,"column":9}},"61":{"start":{"line":147,"column":12},"end":{"line":147,"column":51}},"62":{"start":{"line":151,"column":0},"end":{"line":151,"column":34}}},"branchMap":{"1":{"line":14,"type":"binary-expr","locations":[{"start":{"line":14,"column":15},"end":{"line":14,"column":29}},{"start":{"line":14,"column":34},"end":{"line":14,"column":61}}]},"2":{"line":23,"type":"binary-expr","locations":[{"start":{"line":23,"column":14},"end":{"line":23,"column":34}},{"start":{"line":23,"column":38},"end":{"line":23,"column":51}}]},"3":{"line":45,"type":"if","locations":[{"start":{"line":45,"column":8},"end":{"line":45,"column":8}},{"start":{"line":45,"column":8},"end":{"line":45,"column":8}}]},"4":{"line":49,"type":"if","locations":[{"start":{"line":49,"column":8},"end":{"line":49,"column":8}},{"start":{"line":49,"column":8},"end":{"line":49,"column":8}}]},"5":{"line":55,"type":"if","locations":[{"start":{"line":55,"column":12},"end":{"line":55,"column":12}},{"start":{"line":55,"column":12},"end":{"line":55,"column":12}}]},"6":{"line":55,"type":"binary-expr","locations":[{"start":{"line":55,"column":16},"end":{"line":55,"column":36}},{"start":{"line":55,"column":40},"end":{"line":55,"column":80}}]},"7":{"line":58,"type":"if","locations":[{"start":{"line":58,"column":12},"end":{"line":58,"column":12}},{"start":{"line":58,"column":12},"end":{"line":58,"column":12}}]},"8":{"line":58,"type":"binary-expr","locations":[{"start":{"line":58,"column":16},"end":{"line":58,"column":43}},{"start":{"line":58,"column":47},"end":{"line":58,"column":60}}]},"9":{"line":67,"type":"if","locations":[{"start":{"line":67,"column":8},"end":{"line":67,"column":8}},{"start":{"line":67,"column":8},"end":{"line":67,"column":8}}]},"10":{"line":108,"type":"binary-expr","locations":[{"start":{"line":108,"column":14},"end":{"line":108,"column":34}},{"start":{"line":108,"column":38},"end":{"line":108,"column":51}}]},"11":{"line":114,"type":"if","locations":[{"start":{"line":114,"column":16},"end":{"line":114,"column":16}},{"start":{"line":114,"column":16},"end":{"line":114,"column":16}}]},"12":{"line":114,"type":"binary-expr","locations":[{"start":{"line":114,"column":20},"end":{"line":114,"column":36}},{"start":{"line":114,"column":40},"end":{"line":114,"column":51}}]},"13":{"line":118,"type":"if","locations":[{"start":{"line":118,"column":24},"end":{"line":118,"column":24}},{"start":{"line":118,"column":24},"end":{"line":118,"column":24}}]},"14":{"line":125,"type":"if","locations":[{"start":{"line":125,"column":8},"end":{"line":125,"column":8}},{"start":{"line":125,"column":8},"end":{"line":125,"column":8}}]},"15":{"line":125,"type":"binary-expr","locations":[{"start":{"line":125,"column":12},"end":{"line":125,"column":39}},{"start":{"line":125,"column":43},"end":{"line":125,"column":56}}]},"16":{"line":133,"type":"binary-expr","locations":[{"start":{"line":133,"column":14},"end":{"line":133,"column":34}},{"start":{"line":133,"column":38},"end":{"line":133,"column":51}}]},"17":{"line":138,"type":"if","locations":[{"start":{"line":138,"column":16},"end":{"line":138,"column":16}},{"start":{"line":138,"column":16},"end":{"line":138,"column":16}}]},"18":{"line":146,"type":"if","locations":[{"start":{"line":146,"column":8},"end":{"line":146,"column":8}},{"start":{"line":146,"column":8},"end":{"line":146,"column":8}}]},"19":{"line":146,"type":"binary-expr","locations":[{"start":{"line":146,"column":12},"end":{"line":146,"column":39}},{"start":{"line":146,"column":43},"end":{"line":146,"column":56}}]}}},"/Users/iramadas/Develop/Devv/setmeup/lib/crypto.js":{"path":"/Users/iramadas/Develop/Devv/setmeup/lib/crypto.js","s":{"1":1,"2":1,"3":1,"4":1,"5":1,"6":1,"7":1,"8":1,"9":3,"10":3,"11":2,"12":3,"13":3,"14":0,"15":3,"16":3,"17":2,"18":3,"19":3,"20":3,"21":3,"22":0,"23":3,"24":0,"25":0,"26":3,"27":6,"28":6,"29":10,"30":10,"31":3,"32":7,"33":7,"34":7,"35":7,"36":7,"37":3,"38":1,"39":2,"40":1,"41":1,"42":3,"43":3,"44":3,"45":4,"46":4,"47":4,"48":4,"49":4,"50":4,"51":3,"52":1,"53":1,"54":0,"55":2,"56":1,"57":1,"58":1,"59":6,"60":3,"61":2,"62":3,"63":2,"64":1,"65":2,"66":2,"67":1,"68":1,"69":2,"70":2,"71":0,"72":2,"73":2,"74":2,"75":2,"76":2,"77":2,"78":2,"79":0,"80":0,"81":0,"82":0},"b":{"1":[3,0],"2":[2,1],"3":[0,3],"4":[3,2],"5":[2,1],"6":[3,0],"7":[0,3],"8":[0,3],"9":[3,2],"10":[3,7],"11":[10,0],"12":[3,4],"13":[1,2],"14":[1,1],"15":[4,0],"16":[1,2],"17":[1,0],"18":[1,0],"19":[1,1],"20":[2,1],"21":[1,1],"22":[0,2],"23":[2,0],"24":[2,0,0,0,0]},"f":{"1":3,"2":2},"fnMap":{"1":{"name":"CryptoMethod","line":24,"loc":{"start":{"line":24,"column":0},"end":{"line":24,"column":49}}},"2":{"name":"getMachineID","line":130,"loc":{"start":{"line":130,"column":0},"end":{"line":130,"column":24}}}},"statementMap":{"1":{"start":{"line":5,"column":0},"end":{"line":5,"column":62}},"2":{"start":{"line":6,"column":0},"end":{"line":6,"column":33}},"3":{"start":{"line":7,"column":0},"end":{"line":7,"column":49}},"4":{"start":{"line":8,"column":0},"end":{"line":8,"column":28}},"5":{"start":{"line":9,"column":0},"end":{"line":9,"column":33}},"6":{"start":{"line":10,"column":0},"end":{"line":10,"column":25}},"7":{"start":{"line":12,"column":0},"end":{"line":12,"column":35}},"8":{"start":{"line":24,"column":0},"end":{"line":128,"column":1}},"9":{"start":{"line":25,"column":4},"end":{"line":25,"column":52}},"10":{"start":{"line":26,"column":4},"end":{"line":28,"column":5}},"11":{"start":{"line":27,"column":8},"end":{"line":27,"column":21}},"12":{"start":{"line":29,"column":4},"end":{"line":29,"column":45}},"13":{"start":{"line":30,"column":4},"end":{"line":32,"column":5}},"14":{"start":{"line":31,"column":8},"end":{"line":31,"column":70}},"15":{"start":{"line":33,"column":4},"end":{"line":37,"column":7}},"16":{"start":{"line":38,"column":4},"end":{"line":40,"column":5}},"17":{"start":{"line":39,"column":8},"end":{"line":39,"column":37}},"18":{"start":{"line":41,"column":4},"end":{"line":43,"column":5}},"19":{"start":{"line":42,"column":8},"end":{"line":42,"column":31}},"20":{"start":{"line":44,"column":4},"end":{"line":44,"column":50}},"21":{"start":{"line":46,"column":4},"end":{"line":48,"column":5}},"22":{"start":{"line":47,"column":8},"end":{"line":47,"column":80}},"23":{"start":{"line":51,"column":4},"end":{"line":54,"column":5}},"24":{"start":{"line":52,"column":8},"end":{"line":52,"column":104}},"25":{"start":{"line":53,"column":8},"end":{"line":53,"column":15}},"26":{"start":{"line":56,"column":4},"end":{"line":114,"column":6}},"27":{"start":{"line":57,"column":8},"end":{"line":57,"column":32}},"28":{"start":{"line":58,"column":8},"end":{"line":113,"column":9}},"29":{"start":{"line":59,"column":12},"end":{"line":59,"column":36}},"30":{"start":{"line":60,"column":12},"end":{"line":112,"column":13}},"31":{"start":{"line":61,"column":16},"end":{"line":61,"column":34}},"32":{"start":{"line":64,"column":16},"end":{"line":64,"column":29}},"33":{"start":{"line":65,"column":16},"end":{"line":109,"column":17}},"34":{"start":{"line":66,"column":20},"end":{"line":66,"column":26}},"35":{"start":{"line":67,"column":20},"end":{"line":67,"column":45}},"36":{"start":{"line":68,"column":20},"end":{"line":104,"column":21}},"37":{"start":{"line":70,"column":24},"end":{"line":78,"column":25}},"38":{"start":{"line":71,"column":28},"end":{"line":71,"column":47}},"39":{"start":{"line":73,"column":29},"end":{"line":78,"column":25}},"40":{"start":{"line":74,"column":28},"end":{"line":74,"column":49}},"41":{"start":{"line":77,"column":28},"end":{"line":77,"column":49}},"42":{"start":{"line":80,"column":24},"end":{"line":80,"column":91}},"43":{"start":{"line":81,"column":24},"end":{"line":81,"column":85}},"44":{"start":{"line":82,"column":24},"end":{"line":82,"column":51}},"45":{"start":{"line":84,"column":25},"end":{"line":104,"column":21}},"46":{"start":{"line":86,"column":24},"end":{"line":86,"column":65}},"47":{"start":{"line":87,"column":24},"end":{"line":87,"column":38}},"48":{"start":{"line":89,"column":24},"end":{"line":89,"column":93}},"49":{"start":{"line":90,"column":24},"end":{"line":90,"column":73}},"50":{"start":{"line":91,"column":24},"end":{"line":91,"column":52}},"51":{"start":{"line":93,"column":24},"end":{"line":103,"column":25}},"52":{"start":{"line":94,"column":28},"end":{"line":99,"column":29}},"53":{"start":{"line":95,"column":32},"end":{"line":95,"column":48}},"54":{"start":{"line":98,"column":32},"end":{"line":98,"column":49}},"55":{"start":{"line":101,"column":29},"end":{"line":103,"column":25}},"56":{"start":{"line":102,"column":28},"end":{"line":102,"column":60}},"57":{"start":{"line":107,"column":20},"end":{"line":107,"column":126}},"58":{"start":{"line":108,"column":20},"end":{"line":108,"column":29}},"59":{"start":{"line":111,"column":16},"end":{"line":111,"column":37}},"60":{"start":{"line":116,"column":4},"end":{"line":118,"column":5}},"61":{"start":{"line":117,"column":8},"end":{"line":117,"column":41}},"62":{"start":{"line":120,"column":4},"end":{"line":120,"column":25}},"63":{"start":{"line":122,"column":4},"end":{"line":124,"column":5}},"64":{"start":{"line":123,"column":8},"end":{"line":123,"column":38}},"65":{"start":{"line":126,"column":4},"end":{"line":126,"column":66}},"66":{"start":{"line":127,"column":4},"end":{"line":127,"column":70}},"67":{"start":{"line":129,"column":0},"end":{"line":129,"column":36}},"68":{"start":{"line":130,"column":0},"end":{"line":180,"column":1}},"69":{"start":{"line":131,"column":4},"end":{"line":131,"column":26}},"70":{"start":{"line":132,"column":4},"end":{"line":137,"column":5}},"71":{"start":{"line":133,"column":8},"end":{"line":133,"column":29}},"72":{"start":{"line":136,"column":8},"end":{"line":136,"column":30}},"73":{"start":{"line":138,"column":4},"end":{"line":138,"column":31}},"74":{"start":{"line":139,"column":4},"end":{"line":142,"column":6}},"75":{"start":{"line":143,"column":4},"end":{"line":148,"column":6}},"76":{"start":{"line":149,"column":4},"end":{"line":149,"column":69}},"77":{"start":{"line":150,"column":4},"end":{"line":179,"column":5}},"78":{"start":{"line":152,"column":12},"end":{"line":157,"column":34}},"79":{"start":{"line":159,"column":12},"end":{"line":164,"column":34}},"80":{"start":{"line":166,"column":12},"end":{"line":170,"column":34}},"81":{"start":{"line":172,"column":12},"end":{"line":176,"column":34}},"82":{"start":{"line":178,"column":12},"end":{"line":178,"column":54}}},"branchMap":{"1":{"line":25,"type":"binary-expr","locations":[{"start":{"line":25,"column":14},"end":{"line":25,"column":34}},{"start":{"line":25,"column":38},"end":{"line":25,"column":51}}]},"2":{"line":26,"type":"if","locations":[{"start":{"line":26,"column":4},"end":{"line":26,"column":4}},{"start":{"line":26,"column":4},"end":{"line":26,"column":4}}]},"3":{"line":30,"type":"if","locations":[{"start":{"line":30,"column":4},"end":{"line":30,"column":4}},{"start":{"line":30,"column":4},"end":{"line":30,"column":4}}]},"4":{"line":30,"type":"binary-expr","locations":[{"start":{"line":30,"column":8},"end":{"line":30,"column":27}},{"start":{"line":30,"column":31},"end":{"line":30,"column":50}}]},"5":{"line":38,"type":"if","locations":[{"start":{"line":38,"column":4},"end":{"line":38,"column":4}},{"start":{"line":38,"column":4},"end":{"line":38,"column":4}}]},"6":{"line":41,"type":"if","locations":[{"start":{"line":41,"column":4},"end":{"line":41,"column":4}},{"start":{"line":41,"column":4},"end":{"line":41,"column":4}}]},"7":{"line":46,"type":"if","locations":[{"start":{"line":46,"column":4},"end":{"line":46,"column":4}},{"start":{"line":46,"column":4},"end":{"line":46,"column":4}}]},"8":{"line":51,"type":"if","locations":[{"start":{"line":51,"column":4},"end":{"line":51,"column":4}},{"start":{"line":51,"column":4},"end":{"line":51,"column":4}}]},"9":{"line":51,"type":"binary-expr","locations":[{"start":{"line":51,"column":8},"end":{"line":51,"column":30}},{"start":{"line":51,"column":34},"end":{"line":51,"column":53}}]},"10":{"line":60,"type":"if","locations":[{"start":{"line":60,"column":12},"end":{"line":60,"column":12}},{"start":{"line":60,"column":12},"end":{"line":60,"column":12}}]},"11":{"line":60,"type":"cond-expr","locations":[{"start":{"line":60,"column":33},"end":{"line":60,"column":50}},{"start":{"line":60,"column":53},"end":{"line":60,"column":62}}]},"12":{"line":68,"type":"if","locations":[{"start":{"line":68,"column":20},"end":{"line":68,"column":20}},{"start":{"line":68,"column":20},"end":{"line":68,"column":20}}]},"13":{"line":70,"type":"if","locations":[{"start":{"line":70,"column":24},"end":{"line":70,"column":24}},{"start":{"line":70,"column":24},"end":{"line":70,"column":24}}]},"14":{"line":73,"type":"if","locations":[{"start":{"line":73,"column":29},"end":{"line":73,"column":29}},{"start":{"line":73,"column":29},"end":{"line":73,"column":29}}]},"15":{"line":84,"type":"if","locations":[{"start":{"line":84,"column":25},"end":{"line":84,"column":25}},{"start":{"line":84,"column":25},"end":{"line":84,"column":25}}]},"16":{"line":93,"type":"if","locations":[{"start":{"line":93,"column":24},"end":{"line":93,"column":24}},{"start":{"line":93,"column":24},"end":{"line":93,"column":24}}]},"17":{"line":94,"type":"if","locations":[{"start":{"line":94,"column":28},"end":{"line":94,"column":28}},{"start":{"line":94,"column":28},"end":{"line":94,"column":28}}]},"18":{"line":94,"type":"binary-expr","locations":[{"start":{"line":94,"column":32},"end":{"line":94,"column":51}},{"start":{"line":94,"column":55},"end":{"line":94,"column":71}}]},"19":{"line":101,"type":"if","locations":[{"start":{"line":101,"column":29},"end":{"line":101,"column":29}},{"start":{"line":101,"column":29},"end":{"line":101,"column":29}}]},"20":{"line":116,"type":"if","locations":[{"start":{"line":116,"column":4},"end":{"line":116,"column":4}},{"start":{"line":116,"column":4},"end":{"line":116,"column":4}}]},"21":{"line":122,"type":"if","locations":[{"start":{"line":122,"column":4},"end":{"line":122,"column":4}},{"start":{"line":122,"column":4},"end":{"line":122,"column":4}}]},"22":{"line":132,"type":"if","locations":[{"start":{"line":132,"column":4},"end":{"line":132,"column":4}},{"start":{"line":132,"column":4},"end":{"line":132,"column":4}}]},"23":{"line":132,"type":"binary-expr","locations":[{"start":{"line":132,"column":8},"end":{"line":132,"column":30}},{"start":{"line":132,"column":34},"end":{"line":132,"column":86}}]},"24":{"line":150,"type":"switch","locations":[{"start":{"line":151,"column":8},"end":{"line":157,"column":34}},{"start":{"line":158,"column":8},"end":{"line":164,"column":34}},{"start":{"line":165,"column":8},"end":{"line":170,"column":34}},{"start":{"line":171,"column":8},"end":{"line":176,"column":34}},{"start":{"line":177,"column":8},"end":{"line":178,"column":54}}]}}},"/Users/iramadas/Develop/Devv/setmeup/lib/utils.js":{"path":"/Users/iramadas/Develop/Devv/setmeup/lib/utils.js","s":{"1":1,"2":1,"3":1,"4":1,"5":1,"6":15,"7":15,"8":15,"9":15,"10":0,"11":0,"12":0,"13":0,"14":0,"15":0,"16":0,"17":0,"18":0,"19":0,"20":0,"21":0,"22":0,"23":0,"24":0,"25":0,"26":0,"27":1,"28":1,"29":8,"30":8,"31":8,"32":8,"33":8,"34":8,"35":8,"36":0,"37":8,"38":0,"39":8,"40":1089,"41":1089,"42":1089,"43":94,"44":94,"45":94,"46":1089,"47":555,"48":534,"49":0,"50":0,"51":0,"52":0,"53":534,"54":0,"55":0,"56":0,"57":0,"58":0,"59":534,"60":0,"61":0,"62":0,"63":534,"64":0,"65":0,"66":0,"67":0,"68":0,"69":534,"70":0,"71":0,"72":0,"73":0,"74":0,"75":8,"76":8,"77":1,"78":1,"79":7,"80":7,"81":7,"82":7,"83":7,"84":7,"85":7,"86":7,"87":0,"88":0,"89":7,"90":1,"91":1,"92":16,"93":16,"94":34,"95":34,"96":8,"97":5,"98":8,"99":26,"100":17,"101":9,"102":16,"103":1},"b":{"1":[15,0],"2":[0,0],"3":[0,0],"4":[0,0],"5":[0,0],"6":[0,8],"7":[94,995],"8":[1089,1089],"9":[94,0],"10":[94,0],"11":[555,534],"12":[0,534],"13":[534,534],"14":[0,534],"15":[534,0],"16":[0,534],"17":[534,0],"18":[0,534],"19":[534,534],"20":[0,534],"21":[534,0],"22":[0,8],"23":[7,0],"24":[8,26],"25":[34,0],"26":[5,3],"27":[17,9],"28":[26,26]},"f":{"1":15,"2":8,"3":7,"4":16},"fnMap":{"1":{"name":"getFilePath","line":16,"loc":{"start":{"line":16,"column":0},"end":{"line":16,"column":31}}},"2":{"name":"parseJson","line":55,"loc":{"start":{"line":55,"column":0},"end":{"line":55,"column":26}}},"3":{"name":"loadJson","line":121,"loc":{"start":{"line":121,"column":0},"end":{"line":121,"column":28}}},"4":{"name":"extend","line":147,"loc":{"start":{"line":147,"column":0},"end":{"line":147,"column":43}}}},"statementMap":{"1":{"start":{"line":5,"column":0},"end":{"line":5,"column":62}},"2":{"start":{"line":6,"column":0},"end":{"line":6,"column":28}},"3":{"start":{"line":7,"column":0},"end":{"line":7,"column":25}},"4":{"start":{"line":8,"column":0},"end":{"line":8,"column":29}},"5":{"start":{"line":16,"column":0},"end":{"line":48,"column":1}},"6":{"start":{"line":17,"column":4},"end":{"line":17,"column":49}},"7":{"start":{"line":19,"column":4},"end":{"line":19,"column":49}},"8":{"start":{"line":20,"column":4},"end":{"line":22,"column":5}},"9":{"start":{"line":21,"column":8},"end":{"line":21,"column":24}},"10":{"start":{"line":24,"column":4},"end":{"line":24,"column":61}},"11":{"start":{"line":25,"column":4},"end":{"line":25,"column":38}},"12":{"start":{"line":26,"column":4},"end":{"line":28,"column":5}},"13":{"start":{"line":27,"column":8},"end":{"line":27,"column":24}},"14":{"start":{"line":30,"column":4},"end":{"line":30,"column":83}},"15":{"start":{"line":31,"column":4},"end":{"line":31,"column":38}},"16":{"start":{"line":32,"column":4},"end":{"line":34,"column":5}},"17":{"start":{"line":33,"column":8},"end":{"line":33,"column":24}},"18":{"start":{"line":36,"column":4},"end":{"line":36,"column":67}},"19":{"start":{"line":37,"column":4},"end":{"line":37,"column":38}},"20":{"start":{"line":38,"column":4},"end":{"line":40,"column":5}},"21":{"start":{"line":39,"column":8},"end":{"line":39,"column":24}},"22":{"start":{"line":41,"column":4},"end":{"line":41,"column":64}},"23":{"start":{"line":42,"column":4},"end":{"line":42,"column":38}},"24":{"start":{"line":43,"column":4},"end":{"line":45,"column":5}},"25":{"start":{"line":44,"column":8},"end":{"line":44,"column":24}},"26":{"start":{"line":47,"column":4},"end":{"line":47,"column":16}},"27":{"start":{"line":49,"column":0},"end":{"line":49,"column":34}},"28":{"start":{"line":55,"column":0},"end":{"line":114,"column":1}},"29":{"start":{"line":56,"column":4},"end":{"line":56,"column":28}},"30":{"start":{"line":57,"column":4},"end":{"line":57,"column":27}},"31":{"start":{"line":58,"column":4},"end":{"line":58,"column":28}},"32":{"start":{"line":59,"column":4},"end":{"line":59,"column":29}},"33":{"start":{"line":60,"column":4},"end":{"line":60,"column":19}},"34":{"start":{"line":61,"column":4},"end":{"line":61,"column":17}},"35":{"start":{"line":62,"column":4},"end":{"line":62,"column":25}},"36":{"start":{"line":62,"column":22},"end":{"line":62,"column":24}},"37":{"start":{"line":64,"column":4},"end":{"line":66,"column":5}},"38":{"start":{"line":65,"column":8},"end":{"line":65,"column":33}},"39":{"start":{"line":67,"column":4},"end":{"line":111,"column":5}},"40":{"start":{"line":68,"column":8},"end":{"line":68,"column":37}},"41":{"start":{"line":69,"column":8},"end":{"line":69,"column":38}},"42":{"start":{"line":70,"column":8},"end":{"line":75,"column":9}},"43":{"start":{"line":71,"column":12},"end":{"line":71,"column":75}},"44":{"start":{"line":72,"column":12},"end":{"line":74,"column":13}},"45":{"start":{"line":73,"column":16},"end":{"line":73,"column":45}},"46":{"start":{"line":76,"column":8},"end":{"line":78,"column":9}},"47":{"start":{"line":77,"column":12},"end":{"line":77,"column":21}},"48":{"start":{"line":79,"column":8},"end":{"line":110,"column":9}},"49":{"start":{"line":80,"column":12},"end":{"line":80,"column":42}},"50":{"start":{"line":81,"column":12},"end":{"line":81,"column":23}},"51":{"start":{"line":82,"column":12},"end":{"line":82,"column":42}},"52":{"start":{"line":83,"column":12},"end":{"line":83,"column":16}},"53":{"start":{"line":85,"column":13},"end":{"line":110,"column":9}},"54":{"start":{"line":86,"column":12},"end":{"line":86,"column":16}},"55":{"start":{"line":87,"column":12},"end":{"line":87,"column":34}},"56":{"start":{"line":88,"column":12},"end":{"line":88,"column":27}},"57":{"start":{"line":89,"column":12},"end":{"line":89,"column":23}},"58":{"start":{"line":90,"column":12},"end":{"line":90,"column":21}},"59":{"start":{"line":92,"column":13},"end":{"line":110,"column":9}},"60":{"start":{"line":93,"column":12},"end":{"line":93,"column":34}},"61":{"start":{"line":94,"column":12},"end":{"line":94,"column":27}},"62":{"start":{"line":95,"column":12},"end":{"line":95,"column":23}},"63":{"start":{"line":97,"column":13},"end":{"line":110,"column":9}},"64":{"start":{"line":98,"column":12},"end":{"line":98,"column":42}},"65":{"start":{"line":99,"column":12},"end":{"line":99,"column":23}},"66":{"start":{"line":100,"column":12},"end":{"line":100,"column":41}},"67":{"start":{"line":101,"column":12},"end":{"line":101,"column":16}},"68":{"start":{"line":102,"column":12},"end":{"line":102,"column":21}},"69":{"start":{"line":104,"column":13},"end":{"line":110,"column":9}},"70":{"start":{"line":105,"column":12},"end":{"line":105,"column":16}},"71":{"start":{"line":106,"column":12},"end":{"line":106,"column":34}},"72":{"start":{"line":107,"column":12},"end":{"line":107,"column":27}},"73":{"start":{"line":108,"column":12},"end":{"line":108,"column":27}},"74":{"start":{"line":109,"column":12},"end":{"line":109,"column":21}},"75":{"start":{"line":112,"column":4},"end":{"line":112,"column":72}},"76":{"start":{"line":113,"column":4},"end":{"line":113,"column":30}},"77":{"start":{"line":115,"column":0},"end":{"line":115,"column":30}},"78":{"start":{"line":121,"column":0},"end":{"line":139,"column":1}},"79":{"start":{"line":122,"column":4},"end":{"line":122,"column":22}},"80":{"start":{"line":123,"column":4},"end":{"line":123,"column":37}},"81":{"start":{"line":125,"column":4},"end":{"line":137,"column":5}},"82":{"start":{"line":126,"column":8},"end":{"line":126,"column":45}},"83":{"start":{"line":127,"column":8},"end":{"line":127,"column":47}},"84":{"start":{"line":129,"column":8},"end":{"line":136,"column":9}},"85":{"start":{"line":130,"column":12},"end":{"line":130,"column":56}},"86":{"start":{"line":131,"column":12},"end":{"line":131,"column":39}},"87":{"start":{"line":134,"column":12},"end":{"line":134,"column":57}},"88":{"start":{"line":135,"column":12},"end":{"line":135,"column":39}},"89":{"start":{"line":138,"column":4},"end":{"line":138,"column":18}},"90":{"start":{"line":140,"column":0},"end":{"line":140,"column":28}},"91":{"start":{"line":147,"column":0},"end":{"line":165,"column":1}},"92":{"start":{"line":148,"column":4},"end":{"line":148,"column":22}},"93":{"start":{"line":149,"column":4},"end":{"line":163,"column":5}},"94":{"start":{"line":150,"column":8},"end":{"line":150,"column":35}},"95":{"start":{"line":151,"column":8},"end":{"line":162,"column":9}},"96":{"start":{"line":152,"column":12},"end":{"line":154,"column":13}},"97":{"start":{"line":153,"column":16},"end":{"line":153,"column":34}},"98":{"start":{"line":155,"column":12},"end":{"line":155,"column":76}},"99":{"start":{"line":157,"column":13},"end":{"line":162,"column":9}},"100":{"start":{"line":158,"column":12},"end":{"line":158,"column":55}},"101":{"start":{"line":161,"column":12},"end":{"line":161,"column":35}},"102":{"start":{"line":164,"column":4},"end":{"line":164,"column":18}},"103":{"start":{"line":166,"column":0},"end":{"line":166,"column":24}}},"branchMap":{"1":{"line":20,"type":"if","locations":[{"start":{"line":20,"column":4},"end":{"line":20,"column":4}},{"start":{"line":20,"column":4},"end":{"line":20,"column":4}}]},"2":{"line":26,"type":"if","locations":[{"start":{"line":26,"column":4},"end":{"line":26,"column":4}},{"start":{"line":26,"column":4},"end":{"line":26,"column":4}}]},"3":{"line":32,"type":"if","locations":[{"start":{"line":32,"column":4},"end":{"line":32,"column":4}},{"start":{"line":32,"column":4},"end":{"line":32,"column":4}}]},"4":{"line":38,"type":"if","locations":[{"start":{"line":38,"column":4},"end":{"line":38,"column":4}},{"start":{"line":38,"column":4},"end":{"line":38,"column":4}}]},"5":{"line":43,"type":"if","locations":[{"start":{"line":43,"column":4},"end":{"line":43,"column":4}},{"start":{"line":43,"column":4},"end":{"line":43,"column":4}}]},"6":{"line":64,"type":"if","locations":[{"start":{"line":64,"column":4},"end":{"line":64,"column":4}},{"start":{"line":64,"column":4},"end":{"line":64,"column":4}}]},"7":{"line":70,"type":"if","locations":[{"start":{"line":70,"column":8},"end":{"line":70,"column":8}},{"start":{"line":70,"column":8},"end":{"line":70,"column":8}}]},"8":{"line":70,"type":"binary-expr","locations":[{"start":{"line":70,"column":12},"end":{"line":70,"column":26}},{"start":{"line":70,"column":30},"end":{"line":70,"column":49}}]},"9":{"line":71,"type":"binary-expr","locations":[{"start":{"line":71,"column":28},"end":{"line":71,"column":49}},{"start":{"line":71,"column":53},"end":{"line":71,"column":74}}]},"10":{"line":72,"type":"if","locations":[{"start":{"line":72,"column":12},"end":{"line":72,"column":12}},{"start":{"line":72,"column":12},"end":{"line":72,"column":12}}]},"11":{"line":76,"type":"if","locations":[{"start":{"line":76,"column":8},"end":{"line":76,"column":8}},{"start":{"line":76,"column":8},"end":{"line":76,"column":8}}]},"12":{"line":79,"type":"if","locations":[{"start":{"line":79,"column":8},"end":{"line":79,"column":8}},{"start":{"line":79,"column":8},"end":{"line":79,"column":8}}]},"13":{"line":79,"type":"binary-expr","locations":[{"start":{"line":79,"column":12},"end":{"line":79,"column":26}},{"start":{"line":79,"column":30},"end":{"line":79,"column":61}}]},"14":{"line":85,"type":"if","locations":[{"start":{"line":85,"column":13},"end":{"line":85,"column":13}},{"start":{"line":85,"column":13},"end":{"line":85,"column":13}}]},"15":{"line":85,"type":"binary-expr","locations":[{"start":{"line":85,"column":17},"end":{"line":85,"column":48}},{"start":{"line":85,"column":52},"end":{"line":85,"column":85}}]},"16":{"line":92,"type":"if","locations":[{"start":{"line":92,"column":13},"end":{"line":92,"column":13}},{"start":{"line":92,"column":13},"end":{"line":92,"column":13}}]},"17":{"line":92,"type":"binary-expr","locations":[{"start":{"line":92,"column":17},"end":{"line":92,"column":48}},{"start":{"line":92,"column":52},"end":{"line":92,"column":72}}]},"18":{"line":97,"type":"if","locations":[{"start":{"line":97,"column":13},"end":{"line":97,"column":13}},{"start":{"line":97,"column":13},"end":{"line":97,"column":13}}]},"19":{"line":97,"type":"binary-expr","locations":[{"start":{"line":97,"column":17},"end":{"line":97,"column":31}},{"start":{"line":97,"column":35},"end":{"line":97,"column":66}}]},"20":{"line":104,"type":"if","locations":[{"start":{"line":104,"column":13},"end":{"line":104,"column":13}},{"start":{"line":104,"column":13},"end":{"line":104,"column":13}}]},"21":{"line":104,"type":"binary-expr","locations":[{"start":{"line":104,"column":17},"end":{"line":104,"column":47}},{"start":{"line":104,"column":51},"end":{"line":104,"column":82}}]},"22":{"line":112,"type":"cond-expr","locations":[{"start":{"line":112,"column":40},"end":{"line":112,"column":47}},{"start":{"line":112,"column":50},"end":{"line":112,"column":70}}]},"23":{"line":125,"type":"if","locations":[{"start":{"line":125,"column":4},"end":{"line":125,"column":4}},{"start":{"line":125,"column":4},"end":{"line":125,"column":4}}]},"24":{"line":151,"type":"if","locations":[{"start":{"line":151,"column":8},"end":{"line":151,"column":8}},{"start":{"line":151,"column":8},"end":{"line":151,"column":8}}]},"25":{"line":151,"type":"cond-expr","locations":[{"start":{"line":151,"column":29},"end":{"line":151,"column":46}},{"start":{"line":151,"column":49},"end":{"line":151,"column":58}}]},"26":{"line":152,"type":"if","locations":[{"start":{"line":152,"column":12},"end":{"line":152,"column":12}},{"start":{"line":152,"column":12},"end":{"line":152,"column":12}}]},"27":{"line":157,"type":"if","locations":[{"start":{"line":157,"column":13},"end":{"line":157,"column":13}},{"start":{"line":157,"column":13},"end":{"line":157,"column":13}}]},"28":{"line":157,"type":"binary-expr","locations":[{"start":{"line":157,"column":17},"end":{"line":157,"column":27}},{"start":{"line":157,"column":31},"end":{"line":157,"column":51}}]}}}}