{"/Users/iramadas/Develop/Devv/setmeup/index.js":{"path":"/Users/iramadas/Develop/Devv/setmeup/index.js","s":{"1":1},"b":{},"f":{},"fnMap":{},"statementMap":{"1":{"start":{"line":1,"column":0},"end":{"line":1,"column":39}}},"branchMap":{}},"/Users/iramadas/Develop/Devv/setmeup/lib/index.js":{"path":"/Users/iramadas/Develop/Devv/setmeup/lib/index.js","s":{"1":1,"2":1,"3":1,"4":1,"5":1,"6":1,"7":1,"8":1,"9":1,"10":1,"11":1,"12":2,"13":2,"14":2,"15":2,"16":2,"17":2,"18":1,"19":1,"20":6,"21":6,"22":6,"23":6,"24":3,"25":3,"26":3,"27":6,"28":12,"29":12,"30":4,"31":12,"32":0,"33":12,"34":12,"35":6,"36":0,"37":6,"38":6,"39":1,"40":1,"41":1,"42":2,"43":3,"44":1,"45":1,"46":1,"47":1,"48":1,"49":1,"50":1,"51":1,"52":1,"53":1,"54":1,"55":0,"56":3,"57":3,"58":3,"59":4,"60":4,"61":4,"62":4,"63":0,"64":3,"65":0,"66":1},"b":{"1":[1,1],"2":[1,0],"3":[2,2],"4":[2,0],"5":[6,0],"6":[3,3],"7":[3,0],"8":[4,8],"9":[12,6],"10":[0,12],"11":[12,0],"12":[0,6],"13":[1,1],"14":[1,0],"15":[1,1],"16":[1,0],"17":[0,1],"18":[1,0],"19":[3,3],"20":[4,0],"21":[0,3],"22":[3,0]},"f":{"1":1,"2":1,"3":2,"4":1,"5":1,"6":6,"7":1,"8":2,"9":3,"10":1,"11":3},"fnMap":{"1":{"name":"(anonymous_1)","line":13,"loc":{"start":{"line":13,"column":23},"end":{"line":13,"column":26}}},"2":{"name":"(anonymous_2)","line":20,"loc":{"start":{"line":20,"column":15},"end":{"line":20,"column":23}}},"3":{"name":"(anonymous_3)","line":31,"loc":{"start":{"line":31,"column":15},"end":{"line":31,"column":23}}},"4":{"name":"(anonymous_4)","line":40,"loc":{"start":{"line":40,"column":6},"end":{"line":40,"column":28}}},"5":{"name":"(anonymous_5)","line":43,"loc":{"start":{"line":43,"column":7},"end":{"line":43,"column":29}}},"6":{"name":"(anonymous_6)","line":55,"loc":{"start":{"line":55,"column":8},"end":{"line":55,"column":31}}},"7":{"name":"(anonymous_7)","line":94,"loc":{"start":{"line":94,"column":9},"end":{"line":94,"column":12}}},"8":{"name":"(anonymous_8)","line":106,"loc":{"start":{"line":106,"column":11},"end":{"line":106,"column":31}}},"9":{"name":"(anonymous_9)","line":114,"loc":{"start":{"line":114,"column":11},"end":{"line":114,"column":31}}},"10":{"name":"(anonymous_10)","line":122,"loc":{"start":{"line":122,"column":9},"end":{"line":122,"column":12}}},"11":{"name":"(anonymous_11)","line":147,"loc":{"start":{"line":147,"column":11},"end":{"line":147,"column":14}}}},"statementMap":{"1":{"start":{"line":5,"column":0},"end":{"line":5,"column":35}},"2":{"start":{"line":6,"column":0},"end":{"line":6,"column":33}},"3":{"start":{"line":7,"column":0},"end":{"line":7,"column":46}},"4":{"start":{"line":8,"column":0},"end":{"line":8,"column":28}},"5":{"start":{"line":9,"column":0},"end":{"line":9,"column":25}},"6":{"start":{"line":10,"column":0},"end":{"line":10,"column":15}},"7":{"start":{"line":14,"column":8},"end":{"line":14,"column":63}},"8":{"start":{"line":21,"column":8},"end":{"line":21,"column":34}},"9":{"start":{"line":22,"column":8},"end":{"line":24,"column":9}},"10":{"start":{"line":23,"column":12},"end":{"line":23,"column":23}},"11":{"start":{"line":25,"column":8},"end":{"line":25,"column":19}},"12":{"start":{"line":32,"column":8},"end":{"line":32,"column":52}},"13":{"start":{"line":33,"column":8},"end":{"line":33,"column":41}},"14":{"start":{"line":34,"column":8},"end":{"line":34,"column":24}},"15":{"start":{"line":35,"column":8},"end":{"line":35,"column":54}},"16":{"start":{"line":36,"column":8},"end":{"line":38,"column":9}},"17":{"start":{"line":37,"column":12},"end":{"line":37,"column":24}},"18":{"start":{"line":41,"column":8},"end":{"line":41,"column":44}},"19":{"start":{"line":44,"column":8},"end":{"line":44,"column":45}},"20":{"start":{"line":56,"column":8},"end":{"line":56,"column":24}},"21":{"start":{"line":57,"column":8},"end":{"line":59,"column":9}},"22":{"start":{"line":58,"column":12},"end":{"line":58,"column":29}},"23":{"start":{"line":61,"column":8},"end":{"line":67,"column":9}},"24":{"start":{"line":62,"column":12},"end":{"line":62,"column":91}},"25":{"start":{"line":65,"column":13},"end":{"line":67,"column":9}},"26":{"start":{"line":66,"column":12},"end":{"line":66,"column":36}},"27":{"start":{"line":68,"column":8},"end":{"line":81,"column":9}},"28":{"start":{"line":69,"column":12},"end":{"line":69,"column":56}},"29":{"start":{"line":71,"column":12},"end":{"line":73,"column":13}},"30":{"start":{"line":72,"column":16},"end":{"line":72,"column":63}},"31":{"start":{"line":74,"column":12},"end":{"line":76,"column":13}},"32":{"start":{"line":75,"column":16},"end":{"line":75,"column":55}},"33":{"start":{"line":78,"column":12},"end":{"line":78,"column":58}},"34":{"start":{"line":80,"column":12},"end":{"line":80,"column":55}},"35":{"start":{"line":83,"column":8},"end":{"line":85,"column":9}},"36":{"start":{"line":84,"column":12},"end":{"line":84,"column":24}},"37":{"start":{"line":87,"column":8},"end":{"line":87,"column":55}},"38":{"start":{"line":89,"column":8},"end":{"line":89,"column":22}},"39":{"start":{"line":95,"column":8},"end":{"line":95,"column":23}},"40":{"start":{"line":96,"column":8},"end":{"line":96,"column":24}},"41":{"start":{"line":97,"column":8},"end":{"line":97,"column":54}},"42":{"start":{"line":107,"column":8},"end":{"line":107,"column":58}},"43":{"start":{"line":115,"column":8},"end":{"line":115,"column":58}},"44":{"start":{"line":123,"column":8},"end":{"line":123,"column":52}},"45":{"start":{"line":125,"column":8},"end":{"line":139,"column":9}},"46":{"start":{"line":127,"column":12},"end":{"line":138,"column":18}},"47":{"start":{"line":128,"column":16},"end":{"line":128,"column":63}},"48":{"start":{"line":129,"column":16},"end":{"line":137,"column":17}},"49":{"start":{"line":130,"column":20},"end":{"line":130,"column":38}},"50":{"start":{"line":131,"column":20},"end":{"line":136,"column":23}},"51":{"start":{"line":132,"column":24},"end":{"line":132,"column":44}},"52":{"start":{"line":133,"column":24},"end":{"line":135,"column":25}},"53":{"start":{"line":134,"column":28},"end":{"line":134,"column":73}},"54":{"start":{"line":140,"column":8},"end":{"line":142,"column":9}},"55":{"start":{"line":141,"column":12},"end":{"line":141,"column":49}},"56":{"start":{"line":148,"column":8},"end":{"line":148,"column":52}},"57":{"start":{"line":149,"column":8},"end":{"line":160,"column":9}},"58":{"start":{"line":150,"column":12},"end":{"line":156,"column":13}},"59":{"start":{"line":151,"column":16},"end":{"line":151,"column":63}},"60":{"start":{"line":152,"column":16},"end":{"line":152,"column":35}},"61":{"start":{"line":153,"column":16},"end":{"line":155,"column":17}},"62":{"start":{"line":154,"column":20},"end":{"line":154,"column":45}},"63":{"start":{"line":159,"column":12},"end":{"line":159,"column":50}},"64":{"start":{"line":161,"column":8},"end":{"line":163,"column":9}},"65":{"start":{"line":162,"column":12},"end":{"line":162,"column":51}},"66":{"start":{"line":166,"column":0},"end":{"line":166,"column":34}}},"branchMap":{"1":{"line":14,"type":"binary-expr","locations":[{"start":{"line":14,"column":15},"end":{"line":14,"column":29}},{"start":{"line":14,"column":34},"end":{"line":14,"column":61}}]},"2":{"line":22,"type":"if","locations":[{"start":{"line":22,"column":8},"end":{"line":22,"column":8}},{"start":{"line":22,"column":8},"end":{"line":22,"column":8}}]},"3":{"line":32,"type":"binary-expr","locations":[{"start":{"line":32,"column":14},"end":{"line":32,"column":34}},{"start":{"line":32,"column":38},"end":{"line":32,"column":51}}]},"4":{"line":36,"type":"if","locations":[{"start":{"line":36,"column":8},"end":{"line":36,"column":8}},{"start":{"line":36,"column":8},"end":{"line":36,"column":8}}]},"5":{"line":57,"type":"if","locations":[{"start":{"line":57,"column":8},"end":{"line":57,"column":8}},{"start":{"line":57,"column":8},"end":{"line":57,"column":8}}]},"6":{"line":61,"type":"if","locations":[{"start":{"line":61,"column":8},"end":{"line":61,"column":8}},{"start":{"line":61,"column":8},"end":{"line":61,"column":8}}]},"7":{"line":65,"type":"if","locations":[{"start":{"line":65,"column":13},"end":{"line":65,"column":13}},{"start":{"line":65,"column":13},"end":{"line":65,"column":13}}]},"8":{"line":71,"type":"if","locations":[{"start":{"line":71,"column":12},"end":{"line":71,"column":12}},{"start":{"line":71,"column":12},"end":{"line":71,"column":12}}]},"9":{"line":71,"type":"binary-expr","locations":[{"start":{"line":71,"column":16},"end":{"line":71,"column":36}},{"start":{"line":71,"column":40},"end":{"line":71,"column":80}}]},"10":{"line":74,"type":"if","locations":[{"start":{"line":74,"column":12},"end":{"line":74,"column":12}},{"start":{"line":74,"column":12},"end":{"line":74,"column":12}}]},"11":{"line":74,"type":"binary-expr","locations":[{"start":{"line":74,"column":16},"end":{"line":74,"column":43}},{"start":{"line":74,"column":47},"end":{"line":74,"column":60}}]},"12":{"line":83,"type":"if","locations":[{"start":{"line":83,"column":8},"end":{"line":83,"column":8}},{"start":{"line":83,"column":8},"end":{"line":83,"column":8}}]},"13":{"line":123,"type":"binary-expr","locations":[{"start":{"line":123,"column":14},"end":{"line":123,"column":34}},{"start":{"line":123,"column":38},"end":{"line":123,"column":51}}]},"14":{"line":129,"type":"if","locations":[{"start":{"line":129,"column":16},"end":{"line":129,"column":16}},{"start":{"line":129,"column":16},"end":{"line":129,"column":16}}]},"15":{"line":129,"type":"binary-expr","locations":[{"start":{"line":129,"column":20},"end":{"line":129,"column":36}},{"start":{"line":129,"column":40},"end":{"line":129,"column":51}}]},"16":{"line":133,"type":"if","locations":[{"start":{"line":133,"column":24},"end":{"line":133,"column":24}},{"start":{"line":133,"column":24},"end":{"line":133,"column":24}}]},"17":{"line":140,"type":"if","locations":[{"start":{"line":140,"column":8},"end":{"line":140,"column":8}},{"start":{"line":140,"column":8},"end":{"line":140,"column":8}}]},"18":{"line":140,"type":"binary-expr","locations":[{"start":{"line":140,"column":12},"end":{"line":140,"column":39}},{"start":{"line":140,"column":43},"end":{"line":140,"column":56}}]},"19":{"line":148,"type":"binary-expr","locations":[{"start":{"line":148,"column":14},"end":{"line":148,"column":34}},{"start":{"line":148,"column":38},"end":{"line":148,"column":51}}]},"20":{"line":153,"type":"if","locations":[{"start":{"line":153,"column":16},"end":{"line":153,"column":16}},{"start":{"line":153,"column":16},"end":{"line":153,"column":16}}]},"21":{"line":161,"type":"if","locations":[{"start":{"line":161,"column":8},"end":{"line":161,"column":8}},{"start":{"line":161,"column":8},"end":{"line":161,"column":8}}]},"22":{"line":161,"type":"binary-expr","locations":[{"start":{"line":161,"column":12},"end":{"line":161,"column":39}},{"start":{"line":161,"column":43},"end":{"line":161,"column":56}}]}}},"/Users/iramadas/Develop/Devv/setmeup/lib/crypto.js":{"path":"/Users/iramadas/Develop/Devv/setmeup/lib/crypto.js","s":{"1":1,"2":1,"3":1,"4":1,"5":1,"6":1,"7":1,"8":1,"9":5,"10":5,"11":4,"12":5,"13":5,"14":5,"15":4,"16":5,"17":5,"18":5,"19":5,"20":1,"21":4,"22":1,"23":1,"24":3,"25":6,"26":6,"27":10,"28":10,"29":3,"30":7,"31":7,"32":7,"33":7,"34":7,"35":3,"36":1,"37":2,"38":1,"39":1,"40":3,"41":3,"42":3,"43":4,"44":4,"45":4,"46":4,"47":4,"48":4,"49":3,"50":1,"51":1,"52":0,"53":2,"54":1,"55":1,"56":1,"57":6,"58":3,"59":2,"60":3,"61":2,"62":1,"63":2,"64":2,"65":2,"66":1,"67":1,"68":4,"69":4,"70":0,"71":4,"72":4,"73":4,"74":4,"75":4,"76":4,"77":4,"78":0,"79":0,"80":0,"81":0},"b":{"1":[5,5],"2":[4,1],"3":[4,1],"4":[5,0],"5":[1,4],"6":[1,3],"7":[4,3,1],"8":[3,7],"9":[10,0],"10":[3,4],"11":[1,2],"12":[1,1],"13":[4,0],"14":[1,2],"15":[1,0],"16":[1,0],"17":[1,1],"18":[2,1],"19":[1,1],"20":[0,4],"21":[4,0],"22":[4,0,0,0,0]},"f":{"1":5,"2":4},"fnMap":{"1":{"name":"CryptoMethod","line":26,"loc":{"start":{"line":26,"column":0},"end":{"line":26,"column":49}}},"2":{"name":"getMachineID","line":137,"loc":{"start":{"line":137,"column":0},"end":{"line":137,"column":24}}}},"statementMap":{"1":{"start":{"line":5,"column":0},"end":{"line":5,"column":62}},"2":{"start":{"line":6,"column":0},"end":{"line":6,"column":33}},"3":{"start":{"line":7,"column":0},"end":{"line":7,"column":49}},"4":{"start":{"line":8,"column":0},"end":{"line":8,"column":28}},"5":{"start":{"line":9,"column":0},"end":{"line":9,"column":33}},"6":{"start":{"line":10,"column":0},"end":{"line":10,"column":25}},"7":{"start":{"line":12,"column":0},"end":{"line":12,"column":35}},"8":{"start":{"line":26,"column":0},"end":{"line":130,"column":1}},"9":{"start":{"line":27,"column":4},"end":{"line":27,"column":52}},"10":{"start":{"line":28,"column":4},"end":{"line":30,"column":5}},"11":{"start":{"line":29,"column":8},"end":{"line":29,"column":21}},"12":{"start":{"line":31,"column":4},"end":{"line":31,"column":45}},"13":{"start":{"line":32,"column":4},"end":{"line":36,"column":7}},"14":{"start":{"line":38,"column":4},"end":{"line":40,"column":5}},"15":{"start":{"line":39,"column":8},"end":{"line":39,"column":37}},"16":{"start":{"line":42,"column":4},"end":{"line":44,"column":5}},"17":{"start":{"line":43,"column":8},"end":{"line":43,"column":31}},"18":{"start":{"line":45,"column":4},"end":{"line":45,"column":50}},"19":{"start":{"line":47,"column":4},"end":{"line":49,"column":5}},"20":{"start":{"line":48,"column":8},"end":{"line":48,"column":80}},"21":{"start":{"line":52,"column":4},"end":{"line":55,"column":5}},"22":{"start":{"line":53,"column":8},"end":{"line":53,"column":104}},"23":{"start":{"line":54,"column":8},"end":{"line":54,"column":21}},"24":{"start":{"line":57,"column":4},"end":{"line":115,"column":6}},"25":{"start":{"line":58,"column":8},"end":{"line":58,"column":32}},"26":{"start":{"line":59,"column":8},"end":{"line":114,"column":9}},"27":{"start":{"line":60,"column":12},"end":{"line":60,"column":36}},"28":{"start":{"line":61,"column":12},"end":{"line":113,"column":13}},"29":{"start":{"line":62,"column":16},"end":{"line":62,"column":34}},"30":{"start":{"line":65,"column":16},"end":{"line":65,"column":29}},"31":{"start":{"line":66,"column":16},"end":{"line":110,"column":17}},"32":{"start":{"line":67,"column":20},"end":{"line":67,"column":26}},"33":{"start":{"line":68,"column":20},"end":{"line":68,"column":45}},"34":{"start":{"line":69,"column":20},"end":{"line":105,"column":21}},"35":{"start":{"line":71,"column":24},"end":{"line":79,"column":25}},"36":{"start":{"line":72,"column":28},"end":{"line":72,"column":47}},"37":{"start":{"line":74,"column":29},"end":{"line":79,"column":25}},"38":{"start":{"line":75,"column":28},"end":{"line":75,"column":49}},"39":{"start":{"line":78,"column":28},"end":{"line":78,"column":49}},"40":{"start":{"line":81,"column":24},"end":{"line":81,"column":91}},"41":{"start":{"line":82,"column":24},"end":{"line":82,"column":85}},"42":{"start":{"line":83,"column":24},"end":{"line":83,"column":51}},"43":{"start":{"line":85,"column":25},"end":{"line":105,"column":21}},"44":{"start":{"line":87,"column":24},"end":{"line":87,"column":65}},"45":{"start":{"line":88,"column":24},"end":{"line":88,"column":38}},"46":{"start":{"line":90,"column":24},"end":{"line":90,"column":93}},"47":{"start":{"line":91,"column":24},"end":{"line":91,"column":73}},"48":{"start":{"line":92,"column":24},"end":{"line":92,"column":52}},"49":{"start":{"line":94,"column":24},"end":{"line":104,"column":25}},"50":{"start":{"line":95,"column":28},"end":{"line":100,"column":29}},"51":{"start":{"line":96,"column":32},"end":{"line":96,"column":48}},"52":{"start":{"line":99,"column":32},"end":{"line":99,"column":49}},"53":{"start":{"line":102,"column":29},"end":{"line":104,"column":25}},"54":{"start":{"line":103,"column":28},"end":{"line":103,"column":60}},"55":{"start":{"line":108,"column":20},"end":{"line":108,"column":126}},"56":{"start":{"line":109,"column":20},"end":{"line":109,"column":29}},"57":{"start":{"line":112,"column":16},"end":{"line":112,"column":37}},"58":{"start":{"line":117,"column":4},"end":{"line":119,"column":5}},"59":{"start":{"line":118,"column":8},"end":{"line":118,"column":41}},"60":{"start":{"line":121,"column":4},"end":{"line":121,"column":25}},"61":{"start":{"line":123,"column":4},"end":{"line":125,"column":5}},"62":{"start":{"line":124,"column":8},"end":{"line":124,"column":38}},"63":{"start":{"line":127,"column":4},"end":{"line":127,"column":66}},"64":{"start":{"line":128,"column":4},"end":{"line":128,"column":70}},"65":{"start":{"line":129,"column":4},"end":{"line":129,"column":16}},"66":{"start":{"line":131,"column":0},"end":{"line":131,"column":36}},"67":{"start":{"line":137,"column":0},"end":{"line":187,"column":1}},"68":{"start":{"line":138,"column":4},"end":{"line":138,"column":26}},"69":{"start":{"line":139,"column":4},"end":{"line":144,"column":5}},"70":{"start":{"line":140,"column":8},"end":{"line":140,"column":29}},"71":{"start":{"line":143,"column":8},"end":{"line":143,"column":30}},"72":{"start":{"line":145,"column":4},"end":{"line":145,"column":31}},"73":{"start":{"line":146,"column":4},"end":{"line":149,"column":6}},"74":{"start":{"line":150,"column":4},"end":{"line":155,"column":6}},"75":{"start":{"line":156,"column":4},"end":{"line":156,"column":69}},"76":{"start":{"line":157,"column":4},"end":{"line":186,"column":5}},"77":{"start":{"line":159,"column":12},"end":{"line":164,"column":34}},"78":{"start":{"line":166,"column":12},"end":{"line":171,"column":34}},"79":{"start":{"line":173,"column":12},"end":{"line":177,"column":34}},"80":{"start":{"line":179,"column":12},"end":{"line":183,"column":34}},"81":{"start":{"line":185,"column":12},"end":{"line":185,"column":54}}},"branchMap":{"1":{"line":27,"type":"binary-expr","locations":[{"start":{"line":27,"column":14},"end":{"line":27,"column":34}},{"start":{"line":27,"column":38},"end":{"line":27,"column":51}}]},"2":{"line":28,"type":"if","locations":[{"start":{"line":28,"column":4},"end":{"line":28,"column":4}},{"start":{"line":28,"column":4},"end":{"line":28,"column":4}}]},"3":{"line":38,"type":"if","locations":[{"start":{"line":38,"column":4},"end":{"line":38,"column":4}},{"start":{"line":38,"column":4},"end":{"line":38,"column":4}}]},"4":{"line":42,"type":"if","locations":[{"start":{"line":42,"column":4},"end":{"line":42,"column":4}},{"start":{"line":42,"column":4},"end":{"line":42,"column":4}}]},"5":{"line":47,"type":"if","locations":[{"start":{"line":47,"column":4},"end":{"line":47,"column":4}},{"start":{"line":47,"column":4},"end":{"line":47,"column":4}}]},"6":{"line":52,"type":"if","locations":[{"start":{"line":52,"column":4},"end":{"line":52,"column":4}},{"start":{"line":52,"column":4},"end":{"line":52,"column":4}}]},"7":{"line":52,"type":"binary-expr","locations":[{"start":{"line":52,"column":8},"end":{"line":52,"column":30}},{"start":{"line":52,"column":34},"end":{"line":52,"column":53}},{"start":{"line":52,"column":57},"end":{"line":52,"column":70}}]},"8":{"line":61,"type":"if","locations":[{"start":{"line":61,"column":12},"end":{"line":61,"column":12}},{"start":{"line":61,"column":12},"end":{"line":61,"column":12}}]},"9":{"line":61,"type":"cond-expr","locations":[{"start":{"line":61,"column":33},"end":{"line":61,"column":50}},{"start":{"line":61,"column":53},"end":{"line":61,"column":62}}]},"10":{"line":69,"type":"if","locations":[{"start":{"line":69,"column":20},"end":{"line":69,"column":20}},{"start":{"line":69,"column":20},"end":{"line":69,"column":20}}]},"11":{"line":71,"type":"if","locations":[{"start":{"line":71,"column":24},"end":{"line":71,"column":24}},{"start":{"line":71,"column":24},"end":{"line":71,"column":24}}]},"12":{"line":74,"type":"if","locations":[{"start":{"line":74,"column":29},"end":{"line":74,"column":29}},{"start":{"line":74,"column":29},"end":{"line":74,"column":29}}]},"13":{"line":85,"type":"if","locations":[{"start":{"line":85,"column":25},"end":{"line":85,"column":25}},{"start":{"line":85,"column":25},"end":{"line":85,"column":25}}]},"14":{"line":94,"type":"if","locations":[{"start":{"line":94,"column":24},"end":{"line":94,"column":24}},{"start":{"line":94,"column":24},"end":{"line":94,"column":24}}]},"15":{"line":95,"type":"if","locations":[{"start":{"line":95,"column":28},"end":{"line":95,"column":28}},{"start":{"line":95,"column":28},"end":{"line":95,"column":28}}]},"16":{"line":95,"type":"binary-expr","locations":[{"start":{"line":95,"column":32},"end":{"line":95,"column":51}},{"start":{"line":95,"column":55},"end":{"line":95,"column":71}}]},"17":{"line":102,"type":"if","locations":[{"start":{"line":102,"column":29},"end":{"line":102,"column":29}},{"start":{"line":102,"column":29},"end":{"line":102,"column":29}}]},"18":{"line":117,"type":"if","locations":[{"start":{"line":117,"column":4},"end":{"line":117,"column":4}},{"start":{"line":117,"column":4},"end":{"line":117,"column":4}}]},"19":{"line":123,"type":"if","locations":[{"start":{"line":123,"column":4},"end":{"line":123,"column":4}},{"start":{"line":123,"column":4},"end":{"line":123,"column":4}}]},"20":{"line":139,"type":"if","locations":[{"start":{"line":139,"column":4},"end":{"line":139,"column":4}},{"start":{"line":139,"column":4},"end":{"line":139,"column":4}}]},"21":{"line":139,"type":"binary-expr","locations":[{"start":{"line":139,"column":8},"end":{"line":139,"column":30}},{"start":{"line":139,"column":34},"end":{"line":139,"column":86}}]},"22":{"line":157,"type":"switch","locations":[{"start":{"line":158,"column":8},"end":{"line":164,"column":34}},{"start":{"line":165,"column":8},"end":{"line":171,"column":34}},{"start":{"line":172,"column":8},"end":{"line":177,"column":34}},{"start":{"line":178,"column":8},"end":{"line":183,"column":34}},{"start":{"line":184,"column":8},"end":{"line":185,"column":54}}]}}},"/Users/iramadas/Develop/Devv/setmeup/lib/utils.js":{"path":"/Users/iramadas/Develop/Devv/setmeup/lib/utils.js","s":{"1":1,"2":1,"3":1,"4":1,"5":1,"6":27,"7":27,"8":27,"9":1,"10":1,"11":1,"12":1,"13":26,"14":26,"15":18,"16":8,"17":8,"18":8,"19":0,"20":8,"21":8,"22":8,"23":0,"24":8,"25":1,"26":1,"27":13,"28":13,"29":13,"30":13,"31":13,"32":13,"33":13,"34":20,"35":13,"36":1,"37":13,"38":2572,"39":2572,"40":2572,"41":136,"42":136,"43":136,"44":2572,"45":810,"46":1762,"47":18,"48":18,"49":18,"50":18,"51":1744,"52":0,"53":0,"54":0,"55":0,"56":0,"57":1744,"58":18,"59":18,"60":18,"61":1726,"62":2,"63":2,"64":2,"65":2,"66":2,"67":1724,"68":2,"69":2,"70":2,"71":2,"72":2,"73":13,"74":13,"75":1,"76":1,"77":17,"78":17,"79":17,"80":10,"81":10,"82":10,"83":10,"84":10,"85":0,"86":0,"87":17,"88":1,"89":1,"90":30,"91":30,"92":44,"93":44,"94":12,"95":8,"96":12,"97":32,"98":25,"99":7,"100":30,"101":1},"b":{"1":[1,26],"2":[1,0],"3":[18,8],"4":[0,8],"5":[0,8],"6":[1,12],"7":[136,2436],"8":[2572,1702],"9":[136,0],"10":[136,0],"11":[810,1762],"12":[18,1744],"13":[1762,892],"14":[0,1744],"15":[1744,804],"16":[18,1726],"17":[1744,804],"18":[2,1724],"19":[1726,874],"20":[2,1722],"21":[1724,66],"22":[0,13],"23":[10,7],"24":[12,32],"25":[44,0],"26":[8,4],"27":[25,7],"28":[32,32]},"f":{"1":27,"2":13,"3":17,"4":30},"fnMap":{"1":{"name":"getFilePath","line":17,"loc":{"start":{"line":17,"column":0},"end":{"line":17,"column":41}}},"2":{"name":"parseJson","line":54,"loc":{"start":{"line":54,"column":0},"end":{"line":54,"column":26}}},"3":{"name":"loadJson","line":120,"loc":{"start":{"line":120,"column":0},"end":{"line":120,"column":28}}},"4":{"name":"extend","line":146,"loc":{"start":{"line":146,"column":0},"end":{"line":146,"column":43}}}},"statementMap":{"1":{"start":{"line":5,"column":0},"end":{"line":5,"column":62}},"2":{"start":{"line":6,"column":0},"end":{"line":6,"column":28}},"3":{"start":{"line":7,"column":0},"end":{"line":7,"column":25}},"4":{"start":{"line":8,"column":0},"end":{"line":8,"column":29}},"5":{"start":{"line":17,"column":0},"end":{"line":47,"column":1}},"6":{"start":{"line":18,"column":4},"end":{"line":18,"column":49}},"7":{"start":{"line":19,"column":4},"end":{"line":19,"column":24}},"8":{"start":{"line":21,"column":4},"end":{"line":27,"column":5}},"9":{"start":{"line":22,"column":8},"end":{"line":22,"column":60}},"10":{"start":{"line":23,"column":8},"end":{"line":23,"column":42}},"11":{"start":{"line":24,"column":8},"end":{"line":26,"column":9}},"12":{"start":{"line":25,"column":12},"end":{"line":25,"column":28}},"13":{"start":{"line":29,"column":4},"end":{"line":29,"column":38}},"14":{"start":{"line":30,"column":4},"end":{"line":32,"column":5}},"15":{"start":{"line":31,"column":8},"end":{"line":31,"column":24}},"16":{"start":{"line":34,"column":4},"end":{"line":34,"column":61}},"17":{"start":{"line":35,"column":4},"end":{"line":35,"column":38}},"18":{"start":{"line":36,"column":4},"end":{"line":38,"column":5}},"19":{"start":{"line":37,"column":8},"end":{"line":37,"column":24}},"20":{"start":{"line":40,"column":4},"end":{"line":40,"column":83}},"21":{"start":{"line":41,"column":4},"end":{"line":41,"column":38}},"22":{"start":{"line":42,"column":4},"end":{"line":44,"column":5}},"23":{"start":{"line":43,"column":8},"end":{"line":43,"column":24}},"24":{"start":{"line":46,"column":4},"end":{"line":46,"column":16}},"25":{"start":{"line":48,"column":0},"end":{"line":48,"column":34}},"26":{"start":{"line":54,"column":0},"end":{"line":113,"column":1}},"27":{"start":{"line":55,"column":4},"end":{"line":55,"column":28}},"28":{"start":{"line":56,"column":4},"end":{"line":56,"column":27}},"29":{"start":{"line":57,"column":4},"end":{"line":57,"column":28}},"30":{"start":{"line":58,"column":4},"end":{"line":58,"column":29}},"31":{"start":{"line":59,"column":4},"end":{"line":59,"column":19}},"32":{"start":{"line":60,"column":4},"end":{"line":60,"column":17}},"33":{"start":{"line":61,"column":4},"end":{"line":61,"column":25}},"34":{"start":{"line":61,"column":22},"end":{"line":61,"column":24}},"35":{"start":{"line":63,"column":4},"end":{"line":65,"column":5}},"36":{"start":{"line":64,"column":8},"end":{"line":64,"column":33}},"37":{"start":{"line":66,"column":4},"end":{"line":110,"column":5}},"38":{"start":{"line":67,"column":8},"end":{"line":67,"column":37}},"39":{"start":{"line":68,"column":8},"end":{"line":68,"column":38}},"40":{"start":{"line":69,"column":8},"end":{"line":74,"column":9}},"41":{"start":{"line":70,"column":12},"end":{"line":70,"column":75}},"42":{"start":{"line":71,"column":12},"end":{"line":73,"column":13}},"43":{"start":{"line":72,"column":16},"end":{"line":72,"column":45}},"44":{"start":{"line":75,"column":8},"end":{"line":77,"column":9}},"45":{"start":{"line":76,"column":12},"end":{"line":76,"column":21}},"46":{"start":{"line":78,"column":8},"end":{"line":109,"column":9}},"47":{"start":{"line":79,"column":12},"end":{"line":79,"column":42}},"48":{"start":{"line":80,"column":12},"end":{"line":80,"column":23}},"49":{"start":{"line":81,"column":12},"end":{"line":81,"column":42}},"50":{"start":{"line":82,"column":12},"end":{"line":82,"column":16}},"51":{"start":{"line":84,"column":13},"end":{"line":109,"column":9}},"52":{"start":{"line":85,"column":12},"end":{"line":85,"column":16}},"53":{"start":{"line":86,"column":12},"end":{"line":86,"column":34}},"54":{"start":{"line":87,"column":12},"end":{"line":87,"column":27}},"55":{"start":{"line":88,"column":12},"end":{"line":88,"column":23}},"56":{"start":{"line":89,"column":12},"end":{"line":89,"column":21}},"57":{"start":{"line":91,"column":13},"end":{"line":109,"column":9}},"58":{"start":{"line":92,"column":12},"end":{"line":92,"column":34}},"59":{"start":{"line":93,"column":12},"end":{"line":93,"column":27}},"60":{"start":{"line":94,"column":12},"end":{"line":94,"column":23}},"61":{"start":{"line":96,"column":13},"end":{"line":109,"column":9}},"62":{"start":{"line":97,"column":12},"end":{"line":97,"column":42}},"63":{"start":{"line":98,"column":12},"end":{"line":98,"column":23}},"64":{"start":{"line":99,"column":12},"end":{"line":99,"column":41}},"65":{"start":{"line":100,"column":12},"end":{"line":100,"column":16}},"66":{"start":{"line":101,"column":12},"end":{"line":101,"column":21}},"67":{"start":{"line":103,"column":13},"end":{"line":109,"column":9}},"68":{"start":{"line":104,"column":12},"end":{"line":104,"column":16}},"69":{"start":{"line":105,"column":12},"end":{"line":105,"column":34}},"70":{"start":{"line":106,"column":12},"end":{"line":106,"column":27}},"71":{"start":{"line":107,"column":12},"end":{"line":107,"column":27}},"72":{"start":{"line":108,"column":12},"end":{"line":108,"column":21}},"73":{"start":{"line":111,"column":4},"end":{"line":111,"column":72}},"74":{"start":{"line":112,"column":4},"end":{"line":112,"column":30}},"75":{"start":{"line":114,"column":0},"end":{"line":114,"column":30}},"76":{"start":{"line":120,"column":0},"end":{"line":138,"column":1}},"77":{"start":{"line":121,"column":4},"end":{"line":121,"column":22}},"78":{"start":{"line":122,"column":4},"end":{"line":122,"column":37}},"79":{"start":{"line":124,"column":4},"end":{"line":136,"column":5}},"80":{"start":{"line":125,"column":8},"end":{"line":125,"column":45}},"81":{"start":{"line":126,"column":8},"end":{"line":126,"column":47}},"82":{"start":{"line":128,"column":8},"end":{"line":135,"column":9}},"83":{"start":{"line":129,"column":12},"end":{"line":129,"column":56}},"84":{"start":{"line":130,"column":12},"end":{"line":130,"column":39}},"85":{"start":{"line":133,"column":12},"end":{"line":133,"column":57}},"86":{"start":{"line":134,"column":12},"end":{"line":134,"column":39}},"87":{"start":{"line":137,"column":4},"end":{"line":137,"column":18}},"88":{"start":{"line":139,"column":0},"end":{"line":139,"column":28}},"89":{"start":{"line":146,"column":0},"end":{"line":164,"column":1}},"90":{"start":{"line":147,"column":4},"end":{"line":147,"column":22}},"91":{"start":{"line":148,"column":4},"end":{"line":162,"column":5}},"92":{"start":{"line":149,"column":8},"end":{"line":149,"column":35}},"93":{"start":{"line":150,"column":8},"end":{"line":161,"column":9}},"94":{"start":{"line":151,"column":12},"end":{"line":153,"column":13}},"95":{"start":{"line":152,"column":16},"end":{"line":152,"column":34}},"96":{"start":{"line":154,"column":12},"end":{"line":154,"column":76}},"97":{"start":{"line":156,"column":13},"end":{"line":161,"column":9}},"98":{"start":{"line":157,"column":12},"end":{"line":157,"column":55}},"99":{"start":{"line":160,"column":12},"end":{"line":160,"column":35}},"100":{"start":{"line":163,"column":4},"end":{"line":163,"column":18}},"101":{"start":{"line":165,"column":0},"end":{"line":165,"column":24}}},"branchMap":{"1":{"line":21,"type":"if","locations":[{"start":{"line":21,"column":4},"end":{"line":21,"column":4}},{"start":{"line":21,"column":4},"end":{"line":21,"column":4}}]},"2":{"line":24,"type":"if","locations":[{"start":{"line":24,"column":8},"end":{"line":24,"column":8}},{"start":{"line":24,"column":8},"end":{"line":24,"column":8}}]},"3":{"line":30,"type":"if","locations":[{"start":{"line":30,"column":4},"end":{"line":30,"column":4}},{"start":{"line":30,"column":4},"end":{"line":30,"column":4}}]},"4":{"line":36,"type":"if","locations":[{"start":{"line":36,"column":4},"end":{"line":36,"column":4}},{"start":{"line":36,"column":4},"end":{"line":36,"column":4}}]},"5":{"line":42,"type":"if","locations":[{"start":{"line":42,"column":4},"end":{"line":42,"column":4}},{"start":{"line":42,"column":4},"end":{"line":42,"column":4}}]},"6":{"line":63,"type":"if","locations":[{"start":{"line":63,"column":4},"end":{"line":63,"column":4}},{"start":{"line":63,"column":4},"end":{"line":63,"column":4}}]},"7":{"line":69,"type":"if","locations":[{"start":{"line":69,"column":8},"end":{"line":69,"column":8}},{"start":{"line":69,"column":8},"end":{"line":69,"column":8}}]},"8":{"line":69,"type":"binary-expr","locations":[{"start":{"line":69,"column":12},"end":{"line":69,"column":26}},{"start":{"line":69,"column":30},"end":{"line":69,"column":49}}]},"9":{"line":70,"type":"binary-expr","locations":[{"start":{"line":70,"column":28},"end":{"line":70,"column":49}},{"start":{"line":70,"column":53},"end":{"line":70,"column":74}}]},"10":{"line":71,"type":"if","locations":[{"start":{"line":71,"column":12},"end":{"line":71,"column":12}},{"start":{"line":71,"column":12},"end":{"line":71,"column":12}}]},"11":{"line":75,"type":"if","locations":[{"start":{"line":75,"column":8},"end":{"line":75,"column":8}},{"start":{"line":75,"column":8},"end":{"line":75,"column":8}}]},"12":{"line":78,"type":"if","locations":[{"start":{"line":78,"column":8},"end":{"line":78,"column":8}},{"start":{"line":78,"column":8},"end":{"line":78,"column":8}}]},"13":{"line":78,"type":"binary-expr","locations":[{"start":{"line":78,"column":12},"end":{"line":78,"column":26}},{"start":{"line":78,"column":30},"end":{"line":78,"column":61}}]},"14":{"line":84,"type":"if","locations":[{"start":{"line":84,"column":13},"end":{"line":84,"column":13}},{"start":{"line":84,"column":13},"end":{"line":84,"column":13}}]},"15":{"line":84,"type":"binary-expr","locations":[{"start":{"line":84,"column":17},"end":{"line":84,"column":48}},{"start":{"line":84,"column":52},"end":{"line":84,"column":85}}]},"16":{"line":91,"type":"if","locations":[{"start":{"line":91,"column":13},"end":{"line":91,"column":13}},{"start":{"line":91,"column":13},"end":{"line":91,"column":13}}]},"17":{"line":91,"type":"binary-expr","locations":[{"start":{"line":91,"column":17},"end":{"line":91,"column":48}},{"start":{"line":91,"column":52},"end":{"line":91,"column":72}}]},"18":{"line":96,"type":"if","locations":[{"start":{"line":96,"column":13},"end":{"line":96,"column":13}},{"start":{"line":96,"column":13},"end":{"line":96,"column":13}}]},"19":{"line":96,"type":"binary-expr","locations":[{"start":{"line":96,"column":17},"end":{"line":96,"column":31}},{"start":{"line":96,"column":35},"end":{"line":96,"column":66}}]},"20":{"line":103,"type":"if","locations":[{"start":{"line":103,"column":13},"end":{"line":103,"column":13}},{"start":{"line":103,"column":13},"end":{"line":103,"column":13}}]},"21":{"line":103,"type":"binary-expr","locations":[{"start":{"line":103,"column":17},"end":{"line":103,"column":47}},{"start":{"line":103,"column":51},"end":{"line":103,"column":82}}]},"22":{"line":111,"type":"cond-expr","locations":[{"start":{"line":111,"column":40},"end":{"line":111,"column":47}},{"start":{"line":111,"column":50},"end":{"line":111,"column":70}}]},"23":{"line":124,"type":"if","locations":[{"start":{"line":124,"column":4},"end":{"line":124,"column":4}},{"start":{"line":124,"column":4},"end":{"line":124,"column":4}}]},"24":{"line":150,"type":"if","locations":[{"start":{"line":150,"column":8},"end":{"line":150,"column":8}},{"start":{"line":150,"column":8},"end":{"line":150,"column":8}}]},"25":{"line":150,"type":"cond-expr","locations":[{"start":{"line":150,"column":29},"end":{"line":150,"column":46}},{"start":{"line":150,"column":49},"end":{"line":150,"column":58}}]},"26":{"line":151,"type":"if","locations":[{"start":{"line":151,"column":12},"end":{"line":151,"column":12}},{"start":{"line":151,"column":12},"end":{"line":151,"column":12}}]},"27":{"line":156,"type":"if","locations":[{"start":{"line":156,"column":13},"end":{"line":156,"column":13}},{"start":{"line":156,"column":13},"end":{"line":156,"column":13}}]},"28":{"line":156,"type":"binary-expr","locations":[{"start":{"line":156,"column":17},"end":{"line":156,"column":27}},{"start":{"line":156,"column":31},"end":{"line":156,"column":51}}]}}}}