TN:
SF:/Users/iramadas/Develop/Devv/setmeup/index.js
FNF:0
FNH:0
DA:1,1
LF:1
LH:1
BRF:0
BRH:0
end_of_record
TN:
SF:/Users/iramadas/Develop/Devv/setmeup/lib/index.js
FN:13,(anonymous_1)
FN:20,(anonymous_2)
FN:31,(anonymous_3)
FN:40,(anonymous_4)
FN:43,(anonymous_5)
FN:55,(anonymous_6)
FN:94,(anonymous_7)
FN:106,(anonymous_8)
FN:114,(anonymous_9)
FN:122,(anonymous_10)
FN:147,(anonymous_11)
FNF:11
FNH:11
FNDA:1,(anonymous_1)
FNDA:1,(anonymous_2)
FNDA:2,(anonymous_3)
FNDA:1,(anonymous_4)
FNDA:1,(anonymous_5)
FNDA:6,(anonymous_6)
FNDA:1,(anonymous_7)
FNDA:2,(anonymous_8)
FNDA:3,(anonymous_9)
FNDA:1,(anonymous_10)
FNDA:3,(anonymous_11)
DA:5,1
DA:6,1
DA:7,1
DA:8,1
DA:9,1
DA:10,1
DA:14,1
DA:21,1
DA:22,1
DA:23,1
DA:25,1
DA:32,2
DA:33,2
DA:34,2
DA:35,2
DA:36,2
DA:37,2
DA:41,1
DA:44,1
DA:56,6
DA:57,6
DA:58,6
DA:61,6
DA:62,3
DA:65,3
DA:66,3
DA:68,6
DA:69,12
DA:71,12
DA:72,4
DA:74,12
DA:75,0
DA:78,12
DA:80,12
DA:83,6
DA:84,0
DA:87,6
DA:89,6
DA:95,1
DA:96,1
DA:97,1
DA:107,2
DA:115,3
DA:123,1
DA:125,1
DA:127,1
DA:128,1
DA:129,1
DA:130,1
DA:131,1
DA:132,1
DA:133,1
DA:134,1
DA:140,1
DA:141,0
DA:148,3
DA:149,3
DA:150,3
DA:151,4
DA:152,4
DA:153,4
DA:154,4
DA:159,0
DA:161,3
DA:162,0
DA:166,1
LF:66
LH:61
BRDA:14,1,0,1
BRDA:14,1,1,1
BRDA:22,2,0,1
BRDA:22,2,1,0
BRDA:32,3,0,2
BRDA:32,3,1,2
BRDA:36,4,0,2
BRDA:36,4,1,0
BRDA:57,5,0,6
BRDA:57,5,1,0
BRDA:61,6,0,3
BRDA:61,6,1,3
BRDA:65,7,0,3
BRDA:65,7,1,0
BRDA:71,8,0,4
BRDA:71,8,1,8
BRDA:71,9,0,12
BRDA:71,9,1,6
BRDA:74,10,0,0
BRDA:74,10,1,12
BRDA:74,11,0,12
BRDA:74,11,1,0
BRDA:83,12,0,0
BRDA:83,12,1,6
BRDA:123,13,0,1
BRDA:123,13,1,1
BRDA:129,14,0,1
BRDA:129,14,1,0
BRDA:129,15,0,1
BRDA:129,15,1,1
BRDA:133,16,0,1
BRDA:133,16,1,0
BRDA:140,17,0,0
BRDA:140,17,1,1
BRDA:140,18,0,1
BRDA:140,18,1,0
BRDA:148,19,0,3
BRDA:148,19,1,3
BRDA:153,20,0,4
BRDA:153,20,1,0
BRDA:161,21,0,0
BRDA:161,21,1,3
BRDA:161,22,0,3
BRDA:161,22,1,0
BRF:44
BRH:30
end_of_record
TN:
SF:/Users/iramadas/Develop/Devv/setmeup/lib/crypto.js
FN:26,CryptoMethod
FN:137,getMachineID
FNF:2
FNH:2
FNDA:5,CryptoMethod
FNDA:4,getMachineID
DA:5,1
DA:6,1
DA:7,1
DA:8,1
DA:9,1
DA:10,1
DA:12,1
DA:26,1
DA:27,5
DA:28,5
DA:29,4
DA:31,5
DA:32,5
DA:38,5
DA:39,4
DA:42,5
DA:43,5
DA:45,5
DA:47,5
DA:48,1
DA:52,4
DA:53,1
DA:54,1
DA:57,3
DA:58,6
DA:59,6
DA:60,10
DA:61,10
DA:62,3
DA:65,7
DA:66,7
DA:67,7
DA:68,7
DA:69,7
DA:71,3
DA:72,1
DA:74,2
DA:75,1
DA:78,1
DA:81,3
DA:82,3
DA:83,3
DA:85,4
DA:87,4
DA:88,4
DA:90,4
DA:91,4
DA:92,4
DA:94,3
DA:95,1
DA:96,1
DA:99,0
DA:102,2
DA:103,1
DA:108,1
DA:109,1
DA:112,6
DA:117,3
DA:118,2
DA:121,3
DA:123,2
DA:124,1
DA:127,2
DA:128,2
DA:129,2
DA:131,1
DA:137,1
DA:138,4
DA:139,4
DA:140,0
DA:143,4
DA:145,4
DA:146,4
DA:150,4
DA:156,4
DA:157,4
DA:159,4
DA:166,0
DA:173,0
DA:179,0
DA:185,0
LF:81
LH:75
BRDA:27,1,0,5
BRDA:27,1,1,5
BRDA:28,2,0,4
BRDA:28,2,1,1
BRDA:38,3,0,4
BRDA:38,3,1,1
BRDA:42,4,0,5
BRDA:42,4,1,0
BRDA:47,5,0,1
BRDA:47,5,1,4
BRDA:52,6,0,1
BRDA:52,6,1,3
BRDA:52,7,0,4
BRDA:52,7,1,3
BRDA:52,7,2,1
BRDA:61,8,0,3
BRDA:61,8,1,7
BRDA:61,9,0,10
BRDA:61,9,1,0
BRDA:69,10,0,3
BRDA:69,10,1,4
BRDA:71,11,0,1
BRDA:71,11,1,2
BRDA:74,12,0,1
BRDA:74,12,1,1
BRDA:85,13,0,4
BRDA:85,13,1,0
BRDA:94,14,0,1
BRDA:94,14,1,2
BRDA:95,15,0,1
BRDA:95,15,1,0
BRDA:95,16,0,1
BRDA:95,16,1,0
BRDA:102,17,0,1
BRDA:102,17,1,1
BRDA:117,18,0,2
BRDA:117,18,1,1
BRDA:123,19,0,1
BRDA:123,19,1,1
BRDA:139,20,0,0
BRDA:139,20,1,4
BRDA:139,21,0,4
BRDA:139,21,1,0
BRDA:157,22,0,4
BRDA:157,22,1,0
BRDA:157,22,2,0
BRDA:157,22,3,0
BRDA:157,22,4,0
BRF:48
BRH:37
end_of_record
TN:
SF:/Users/iramadas/Develop/Devv/setmeup/lib/utils.js
FN:17,getFilePath
FN:54,parseJson
FN:120,loadJson
FN:146,extend
FNF:4
FNH:4
FNDA:27,getFilePath
FNDA:13,parseJson
FNDA:17,loadJson
FNDA:30,extend
DA:5,1
DA:6,1
DA:7,1
DA:8,1
DA:17,1
DA:18,27
DA:19,27
DA:21,27
DA:22,1
DA:23,1
DA:24,1
DA:25,1
DA:29,26
DA:30,26
DA:31,18
DA:34,8
DA:35,8
DA:36,8
DA:37,0
DA:40,8
DA:41,8
DA:42,8
DA:43,0
DA:46,8
DA:48,1
DA:54,1
DA:55,13
DA:56,13
DA:57,13
DA:58,13
DA:59,13
DA:60,13
DA:61,20
DA:63,13
DA:64,1
DA:66,13
DA:67,2572
DA:68,2572
DA:69,2572
DA:70,136
DA:71,136
DA:72,136
DA:75,2572
DA:76,810
DA:78,1762
DA:79,18
DA:80,18
DA:81,18
DA:82,18
DA:84,1744
DA:85,0
DA:86,0
DA:87,0
DA:88,0
DA:89,0
DA:91,1744
DA:92,18
DA:93,18
DA:94,18
DA:96,1726
DA:97,2
DA:98,2
DA:99,2
DA:100,2
DA:101,2
DA:103,1724
DA:104,2
DA:105,2
DA:106,2
DA:107,2
DA:108,2
DA:111,13
DA:112,13
DA:114,1
DA:120,1
DA:121,17
DA:122,17
DA:124,17
DA:125,10
DA:126,10
DA:128,10
DA:129,10
DA:130,10
DA:133,0
DA:134,0
DA:137,17
DA:139,1
DA:146,1
DA:147,30
DA:148,30
DA:149,44
DA:150,44
DA:151,12
DA:152,8
DA:154,12
DA:156,32
DA:157,25
DA:160,7
DA:163,30
DA:165,1
LF:100
LH:91
BRDA:21,1,0,1
BRDA:21,1,1,26
BRDA:24,2,0,1
BRDA:24,2,1,0
BRDA:30,3,0,18
BRDA:30,3,1,8
BRDA:36,4,0,0
BRDA:36,4,1,8
BRDA:42,5,0,0
BRDA:42,5,1,8
BRDA:63,6,0,1
BRDA:63,6,1,12
BRDA:69,7,0,136
BRDA:69,7,1,2436
BRDA:69,8,0,2572
BRDA:69,8,1,1702
BRDA:70,9,0,136
BRDA:70,9,1,0
BRDA:71,10,0,136
BRDA:71,10,1,0
BRDA:75,11,0,810
BRDA:75,11,1,1762
BRDA:78,12,0,18
BRDA:78,12,1,1744
BRDA:78,13,0,1762
BRDA:78,13,1,892
BRDA:84,14,0,0
BRDA:84,14,1,1744
BRDA:84,15,0,1744
BRDA:84,15,1,804
BRDA:91,16,0,18
BRDA:91,16,1,1726
BRDA:91,17,0,1744
BRDA:91,17,1,804
BRDA:96,18,0,2
BRDA:96,18,1,1724
BRDA:96,19,0,1726
BRDA:96,19,1,874
BRDA:103,20,0,2
BRDA:103,20,1,1722
BRDA:103,21,0,1724
BRDA:103,21,1,66
BRDA:111,22,0,0
BRDA:111,22,1,13
BRDA:124,23,0,10
BRDA:124,23,1,7
BRDA:150,24,0,12
BRDA:150,24,1,32
BRDA:150,25,0,44
BRDA:150,25,1,0
BRDA:151,26,0,8
BRDA:151,26,1,4
BRDA:156,27,0,25
BRDA:156,27,1,7
BRDA:156,28,0,32
BRDA:156,28,1,32
BRF:56
BRH:48
end_of_record
