TN:
SF:/Users/iramadas/Develop/Devv/setmeup/index.js
FNF:0
FNH:0
DA:1,1
LF:1
LH:1
BRF:0
BRH:0
end_of_record
TN:
SF:/Users/iramadas/Develop/Devv/setmeup/lib/index.js
FN:13,(anonymous_1)
FN:17,(anonymous_2)
FN:22,(anonymous_3)
FN:28,(anonymous_4)
FN:31,(anonymous_5)
FN:43,(anonymous_6)
FN:78,(anonymous_7)
FN:91,(anonymous_8)
FN:99,(anonymous_9)
FN:107,(anonymous_10)
FN:132,(anonymous_11)
FNF:11
FNH:8
FNDA:1,(anonymous_1)
FNDA:0,(anonymous_2)
FNDA:1,(anonymous_3)
FNDA:1,(anonymous_4)
FNDA:0,(anonymous_5)
FNDA:4,(anonymous_6)
FNDA:0,(anonymous_7)
FNDA:1,(anonymous_8)
FNDA:2,(anonymous_9)
FNDA:1,(anonymous_10)
FNDA:2,(anonymous_11)
DA:5,1
DA:6,1
DA:7,1
DA:8,1
DA:9,1
DA:10,1
DA:14,1
DA:18,0
DA:19,0
DA:20,0
DA:23,1
DA:24,1
DA:25,1
DA:26,1
DA:29,1
DA:32,0
DA:44,4
DA:45,4
DA:46,4
DA:49,4
DA:50,4
DA:52,4
DA:53,4
DA:55,4
DA:56,2
DA:58,4
DA:59,0
DA:62,4
DA:64,4
DA:67,4
DA:68,0
DA:71,4
DA:73,4
DA:79,0
DA:80,0
DA:81,0
DA:82,0
DA:92,1
DA:100,2
DA:108,1
DA:110,1
DA:112,2
DA:113,2
DA:114,2
DA:115,2
DA:116,2
DA:117,2
DA:118,2
DA:119,0
DA:125,1
DA:126,0
DA:133,2
DA:134,2
DA:135,2
DA:136,4
DA:137,4
DA:138,4
DA:139,4
DA:144,0
DA:146,2
DA:147,0
DA:151,1
LF:62
LH:48
BRDA:14,1,0,1
BRDA:14,1,1,1
BRDA:23,2,0,1
BRDA:23,2,1,0
BRDA:45,3,0,4
BRDA:45,3,1,0
BRDA:49,4,0,4
BRDA:49,4,1,0
BRDA:55,5,0,2
BRDA:55,5,1,2
BRDA:55,6,0,4
BRDA:55,6,1,4
BRDA:58,7,0,0
BRDA:58,7,1,4
BRDA:58,8,0,4
BRDA:58,8,1,0
BRDA:67,9,0,0
BRDA:67,9,1,4
BRDA:108,10,0,1
BRDA:108,10,1,0
BRDA:114,11,0,2
BRDA:114,11,1,0
BRDA:114,12,0,2
BRDA:114,12,1,2
BRDA:118,13,0,0
BRDA:118,13,1,2
BRDA:125,14,0,0
BRDA:125,14,1,1
BRDA:125,15,0,1
BRDA:125,15,1,0
BRDA:133,16,0,2
BRDA:133,16,1,0
BRDA:138,17,0,4
BRDA:138,17,1,0
BRDA:146,18,0,0
BRDA:146,18,1,2
BRDA:146,19,0,2
BRDA:146,19,1,0
BRF:38
BRH:23
end_of_record
TN:
SF:/Users/iramadas/Develop/Devv/setmeup/lib/crypto.js
FN:24,CryptoMethod
FN:130,getMachineID
FNF:2
FNH:2
FNDA:3,CryptoMethod
FNDA:2,getMachineID
DA:5,1
DA:6,1
DA:7,1
DA:8,1
DA:9,1
DA:10,1
DA:12,1
DA:24,1
DA:25,3
DA:26,3
DA:27,2
DA:29,3
DA:30,3
DA:31,0
DA:33,3
DA:38,3
DA:39,2
DA:41,3
DA:42,3
DA:44,3
DA:46,3
DA:47,0
DA:51,3
DA:52,0
DA:53,0
DA:56,3
DA:57,6
DA:58,6
DA:59,10
DA:60,10
DA:61,3
DA:64,7
DA:65,7
DA:66,7
DA:67,7
DA:68,7
DA:70,3
DA:71,1
DA:73,2
DA:74,1
DA:77,1
DA:80,3
DA:81,3
DA:82,3
DA:84,4
DA:86,4
DA:87,4
DA:89,4
DA:90,4
DA:91,4
DA:93,3
DA:94,1
DA:95,1
DA:98,0
DA:101,2
DA:102,1
DA:107,1
DA:108,1
DA:111,6
DA:116,3
DA:117,2
DA:120,3
DA:122,2
DA:123,1
DA:126,2
DA:127,2
DA:129,1
DA:130,1
DA:131,2
DA:132,2
DA:133,0
DA:136,2
DA:138,2
DA:139,2
DA:143,2
DA:149,2
DA:150,2
DA:152,2
DA:159,0
DA:166,0
DA:172,0
DA:178,0
LF:82
LH:72
BRDA:25,1,0,3
BRDA:25,1,1,0
BRDA:26,2,0,2
BRDA:26,2,1,1
BRDA:30,3,0,0
BRDA:30,3,1,3
BRDA:30,4,0,3
BRDA:30,4,1,2
BRDA:38,5,0,2
BRDA:38,5,1,1
BRDA:41,6,0,3
BRDA:41,6,1,0
BRDA:46,7,0,0
BRDA:46,7,1,3
BRDA:51,8,0,0
BRDA:51,8,1,3
BRDA:51,9,0,3
BRDA:51,9,1,2
BRDA:60,10,0,3
BRDA:60,10,1,7
BRDA:60,11,0,10
BRDA:60,11,1,0
BRDA:68,12,0,3
BRDA:68,12,1,4
BRDA:70,13,0,1
BRDA:70,13,1,2
BRDA:73,14,0,1
BRDA:73,14,1,1
BRDA:84,15,0,4
BRDA:84,15,1,0
BRDA:93,16,0,1
BRDA:93,16,1,2
BRDA:94,17,0,1
BRDA:94,17,1,0
BRDA:94,18,0,1
BRDA:94,18,1,0
BRDA:101,19,0,1
BRDA:101,19,1,1
BRDA:116,20,0,2
BRDA:116,20,1,1
BRDA:122,21,0,1
BRDA:122,21,1,1
BRDA:132,22,0,0
BRDA:132,22,1,2
BRDA:132,23,0,2
BRDA:132,23,1,0
BRDA:150,24,0,2
BRDA:150,24,1,0
BRDA:150,24,2,0
BRDA:150,24,3,0
BRDA:150,24,4,0
BRF:51
BRH:36
end_of_record
TN:
SF:/Users/iramadas/Develop/Devv/setmeup/lib/utils.js
FN:16,getFilePath
FN:55,parseJson
FN:121,loadJson
FN:147,extend
FNF:4
FNH:4
FNDA:15,getFilePath
FNDA:8,parseJson
FNDA:7,loadJson
FNDA:16,extend
DA:5,1
DA:6,1
DA:7,1
DA:8,1
DA:16,1
DA:17,15
DA:19,15
DA:20,15
DA:21,15
DA:24,0
DA:25,0
DA:26,0
DA:27,0
DA:30,0
DA:31,0
DA:32,0
DA:33,0
DA:36,0
DA:37,0
DA:38,0
DA:39,0
DA:41,0
DA:42,0
DA:43,0
DA:44,0
DA:47,0
DA:49,1
DA:55,1
DA:56,8
DA:57,8
DA:58,8
DA:59,8
DA:60,8
DA:61,8
DA:62,8
DA:64,8
DA:65,0
DA:67,8
DA:68,1089
DA:69,1089
DA:70,1089
DA:71,94
DA:72,94
DA:73,94
DA:76,1089
DA:77,555
DA:79,534
DA:80,0
DA:81,0
DA:82,0
DA:83,0
DA:85,534
DA:86,0
DA:87,0
DA:88,0
DA:89,0
DA:90,0
DA:92,534
DA:93,0
DA:94,0
DA:95,0
DA:97,534
DA:98,0
DA:99,0
DA:100,0
DA:101,0
DA:102,0
DA:104,534
DA:105,0
DA:106,0
DA:107,0
DA:108,0
DA:109,0
DA:112,8
DA:113,8
DA:115,1
DA:121,1
DA:122,7
DA:123,7
DA:125,7
DA:126,7
DA:127,7
DA:129,7
DA:130,7
DA:131,7
DA:134,0
DA:135,0
DA:138,7
DA:140,1
DA:147,1
DA:148,16
DA:149,16
DA:150,34
DA:151,34
DA:152,8
DA:153,5
DA:155,8
DA:157,26
DA:158,17
DA:161,9
DA:164,16
DA:166,1
LF:102
LH:60
BRDA:20,1,0,15
BRDA:20,1,1,0
BRDA:26,2,0,0
BRDA:26,2,1,0
BRDA:32,3,0,0
BRDA:32,3,1,0
BRDA:38,4,0,0
BRDA:38,4,1,0
BRDA:43,5,0,0
BRDA:43,5,1,0
BRDA:64,6,0,0
BRDA:64,6,1,8
BRDA:70,7,0,94
BRDA:70,7,1,995
BRDA:70,8,0,1089
BRDA:70,8,1,1089
BRDA:71,9,0,94
BRDA:71,9,1,0
BRDA:72,10,0,94
BRDA:72,10,1,0
BRDA:76,11,0,555
BRDA:76,11,1,534
BRDA:79,12,0,0
BRDA:79,12,1,534
BRDA:79,13,0,534
BRDA:79,13,1,534
BRDA:85,14,0,0
BRDA:85,14,1,534
BRDA:85,15,0,534
BRDA:85,15,1,0
BRDA:92,16,0,0
BRDA:92,16,1,534
BRDA:92,17,0,534
BRDA:92,17,1,0
BRDA:97,18,0,0
BRDA:97,18,1,534
BRDA:97,19,0,534
BRDA:97,19,1,534
BRDA:104,20,0,0
BRDA:104,20,1,534
BRDA:104,21,0,534
BRDA:104,21,1,0
BRDA:112,22,0,0
BRDA:112,22,1,8
BRDA:125,23,0,7
BRDA:125,23,1,0
BRDA:151,24,0,8
BRDA:151,24,1,26
BRDA:151,25,0,34
BRDA:151,25,1,0
BRDA:152,26,0,5
BRDA:152,26,1,3
BRDA:157,27,0,17
BRDA:157,27,1,9
BRDA:157,28,0,26
BRDA:157,28,1,26
BRF:56
BRH:33
end_of_record
